<?xml version="1.0" encoding="utf-8"?><testsuites name="pytest tests"><testsuite name="pytest" errors="0" failures="2" skipped="4" tests="27" time="16.250" timestamp="2026-07-28T15:31:30.735792+00:00" hostname="agent-env-9d995150-1135-4ada-a6b3-bd790eddaba8"><testcase classname="tests.test_admin_super.TestAdminLogin" name="test_login_success" time="1.489" /><testcase classname="tests.test_admin_super.TestAdminSession" name="test_me_requires_auth" time="1.513" /><testcase classname="tests.test_admin_super.TestAdminLogin" name="test_login_wrong_password" time="0.372" /><testcase classname="tests.test_admin_super.TestAdminLogin" name="test_regular_user_cannot_admin_login" time="0.215" /><testcase classname="tests.test_admin_super.TestAdminSession" name="test_me_authenticated" time="0.598" /><testcase classname="tests.test_admin_super.TestAdminLogin" name="test_lockout_after_5_failures" time="2.989"><failure message="AssertionError: No 429 lockout observed; codes=[401, 401, 401, 401, 401, 401]&#10;assert 429 in [401, 401, 401, 401, 401, 401]">E   AssertionError: No 429 lockout observed; codes=[401, 401, 401, 401, 401, 401]
    assert 429 in [401, 401, 401, 401, 401, 401]</failure></testcase><testcase classname="tests.test_admin_super.TestAdminSession" name="test_refresh_issues_new_access_token" time="0.869"><failure message="AssertionError: assert ('eyJhbGciOiJIUzI1NiIsInR5cCI6IkpXVCJ9.eyJzdWIiOiI2YTY4Yzg3NTdhNzU2Yzc0NzU4OWExMjIiLCJlbWFpbCI6InN1cGVyYWRtaW5AcGh5dG9uZXQuYWkiLCJ0eXBlIjoiYWNjZXNzIiwiYXVkIjoiYWRtaW4iLCJleHAiOjE3ODUyNTQ0OTN9._2qpcICuwEH_3u3lkK8r7ayxpigFrSlv-KHylKB5TPo' and 'eyJhbGciOiJIUzI1NiIsInR5cCI6IkpXVCJ9.eyJzdWIiOiI2YTY4Yzg3NTdhNzU2Yzc0NzU4OWExMjIiLCJlbWFpbCI6InN1cGVyYWRtaW5AcGh5dG9uZXQuYWkiLCJ0eXBlIjoiYWNjZXNzIiwiYXVkIjoiYWRtaW4iLCJleHAiOjE3ODUyNTQ0OTN9._2qpcICuwEH_3u3lkK8r7ayxpigFrSlv-KHylKB5TPo' != 'eyJhbGciOiJIUzI1NiIsInR5cCI6IkpXVCJ9.eyJzdWIiOiI2YTY4Yzg3NTdhNzU2Yzc0NzU4OWExMjIiLCJlbWFpbCI6InN1cGVyYWRtaW5AcGh5dG9uZXQuYWkiLCJ0eXBlIjoiYWNjZXNzIiwiYXVkIjoiYWRtaW4iLCJleHAiOjE3ODUyNTQ0OTN9._2qpcICuwEH_3u3lkK8r7ayxpigFrSlv-KHylKB5TPo')">E   AssertionError: assert ('eyJhbGciOiJIUzI1NiIsInR5cCI6IkpXVCJ9.eyJzdWIiOiI2YTY4Yzg3NTdhNzU2Yzc0NzU4OWExMjIiLCJlbWFpbCI6InN1cGVyYWRtaW5AcGh5dG9uZXQuYWkiLCJ0eXBlIjoiYWNjZXNzIiwiYXVkIjoiYWRtaW4iLCJleHAiOjE3ODUyNTQ0OTN9._2qpcICuwEH_3u3lkK8r7ayxpigFrSlv-KHylKB5TPo' and 'eyJhbGciOiJIUzI1NiIsInR5cCI6IkpXVCJ9.eyJzdWIiOiI2YTY4Yzg3NTdhNzU2Yzc0NzU4OWExMjIiLCJlbWFpbCI6InN1cGVyYWRtaW5AcGh5dG9uZXQuYWkiLCJ0eXBlIjoiYWNjZXNzIiwiYXVkIjoiYWRtaW4iLCJleHAiOjE3ODUyNTQ0OTN9._2qpcICuwEH_3u3lkK8r7ayxpigFrSlv-KHylKB5TPo' != 'eyJhbGciOiJIUzI1NiIsInR5cCI6IkpXVCJ9.eyJzdWIiOiI2YTY4Yzg3NTdhNzU2Yzc0NzU4OWExMjIiLCJlbWFpbCI6InN1cGVyYWRtaW5AcGh5dG9uZXQuYWkiLCJ0eXBlIjoiYWNjZXNzIiwiYXVkIjoiYWRtaW4iLCJleHAiOjE3ODUyNTQ0OTN9._2qpcICuwEH_3u3lkK8r7ayxpigFrSlv-KHylKB5TPo')</failure></testcase><testcase classname="tests.test_admin_super.TestAdminSession" name="test_logout_clears_cookies" time="1.031" /><testcase classname="tests.test_admin_super.TestPasswordReset" name="test_forgot_password_no_enumeration" time="1.071" /><testcase classname="tests.test_admin_super.TestPasswordReset" name="test_reset_password_invalid_token" time="0.138" /><testcase classname="tests.test_admin_super.TestPasswordReset" name="test_reset_password_valid_flow" time="3.219" /><testcase classname="tests.test_admin_super.TestChangePassword" name="test_change_password_wrong_current" time="1.249" /><testcase classname="tests.test_admin_super.TestChangePassword" name="test_change_password_too_short" time="0.450"><skipped type="pytest.skip" message="Admin login failed: 401 {&quot;detail&quot;:&quot;Invalid credentials&quot;}">/app/backend/tests/test_admin_super.py:165: Admin login failed: 401 {"detail":"Invalid credentials"}</skipped></testcase><testcase classname="tests.test_admin_super.TestChangePassword" name="test_change_password_success_and_revert" time="0.561"><skipped type="pytest.skip" message="Admin login failed: 401 {&quot;detail&quot;:&quot;Invalid credentials&quot;}">/app/backend/tests/test_admin_super.py:171: Admin login failed: 401 {"detail":"Invalid credentials"}</skipped></testcase><testcase classname="tests.test_admin_super.TestSettings" name="test_get_all_settings" time="1.019"><skipped type="pytest.skip" message="Admin login failed: 401 {&quot;detail&quot;:&quot;Invalid credentials&quot;}">/app/backend/tests/test_admin_super.py:339: Admin login failed: 401 {"detail":"Invalid credentials"}</skipped></testcase><testcase classname="tests.test_admin_super.TestAuditLog" name="test_audit_log_requires_auth" time="0.229" /><testcase classname="tests.test_admin_super.TestSettings" name="test_update_branding_setting" time="0.852" /><testcase classname="tests.test_admin_super.TestAuditLog" name="test_audit_log_returns_rows" time="0.461" /><testcase classname="tests.test_admin_super.TestAuditLog" name="test_audit_log_filter_status" time="0.650" /><testcase classname="tests.test_admin_super.TestSettings" name="test_settings_bad_key_404" time="0.626" /><testcase classname="tests.test_admin_super.TestRegularUserAuthCoexists" name="test_regular_user_login_still_works" time="0.352" /><testcase classname="tests.test_admin_super.TestRegularUserAuthCoexists" name="test_regular_user_cannot_access_admin_endpoints" time="0.518" /><testcase classname="tests.test_admin_super.TestDashboardAndUsers" name="test_dashboard_stats" time="0.825" /><testcase classname="tests.test_admin_super.TestTOTP" name="test_totp_full_lifecycle" time="2.617" /><testcase classname="tests.test_admin_super.TestDashboardAndUsers" name="test_users_listing_no_secrets" time="0.650" /><testcase classname="tests.test_admin_super.TestDashboardAndUsers" name="test_users_search_q" time="0.793"><skipped type="pytest.skip" message="2FA is unexpectedly enabled">/app/backend/tests/test_admin_super.py:390: 2FA is unexpectedly enabled</skipped></testcase><testcase classname="tests.test_admin_super.TestEmailOTP" name="test_email_otp_setup_and_disable" time="2.634" /></testsuite></testsuites>