<?xml version="1.0" encoding="utf-8"?><testsuites name="pytest tests"><testsuite name="pytest" errors="0" failures="0" skipped="0" tests="3" time="26.506" timestamp="2026-08-06T06:07:59.224298+00:00" hostname="agent-env-9d995150-1135-4ada-a6b3-bd790eddaba8"><testcase classname="tests.test_iter42_share_enrichment" name="test_pathway_enrichment" time="25.875" /><testcase classname="tests.test_iter42_share_enrichment" name="test_share_enable_and_public_access" time="0.350" /><testcase classname="tests.test_iter42_share_enrichment" name="test_public_share_no_auth_required" time="0.225" /></testsuite></testsuites>