<?xml version="1.0" encoding="utf-8"?><testsuites name="pytest tests"><testsuite name="pytest" errors="0" failures="0" skipped="0" tests="9" time="42.120" timestamp="2026-07-15T14:43:31.264902+00:00" hostname="agent-env-9d995150-1135-4ada-a6b3-bd790eddaba8"><testcase classname="tests.test_docking_hires" name="test_high_dpi_snapshot_produces_all_formats" time="19.780" /><testcase classname="tests.test_docking_md" name="test_pdb_candidates_returns_scored_list" time="0.634" /><testcase classname="tests.test_docking_md" name="test_docking_run_aspirin_ptgs1" time="11.971" /><testcase classname="tests.test_docking_md" name="test_md_estimate_scales_with_production_ns" time="0.849" /><testcase classname="tests.test_docking_md" name="test_md_build_returns_zip_with_all_files" time="3.368" /><testcase classname="tests.test_docking_viz" name="test_docking_generates_all_visualization_artifacts" time="13.760" /><testcase classname="tests.test_docking_hires" name="test_high_dpi_snapshot_404_on_missing_pair" time="0.103" /><testcase classname="tests.test_docking_hires" name="test_high_dpi_snapshot_clamps_dpi_range" time="14.313" /><testcase classname="tests.test_docking_pose" name="test_pose_download_pdbqt_and_pdb" time="11.150" /></testsuite></testsuites>