<?xml version="1.0" encoding="utf-8"?><testsuites name="pytest tests"><testsuite name="pytest" errors="0" failures="0" skipped="0" tests="6" time="5.806" timestamp="2026-07-14T19:34:22.000745+00:00" hostname="agent-env-9d995150-1135-4ada-a6b3-bd790eddaba8"><testcase classname="tests.test_iter28_features.TestAuthRegression" name="test_admin_login" time="0.400" /><testcase classname="tests.test_iter28_features.TestGoogleOAuth" name="test_status_configured" time="0.397" /><testcase classname="tests.test_iter28_features.TestGoogleOAuth" name="test_login_redirect" time="0.150" /><testcase classname="tests.test_iter28_features.TestAuthRegression" name="test_deps_status" time="0.112" /><testcase classname="tests.test_iter28_features.TestDockingSSE" name="test_docking_run_stream" time="4.939" /><testcase classname="tests.test_iter28_features.TestGoogleOAuth" name="test_callback_bad_state_returns_400" time="0.115" /></testsuite></testsuites>