<?xml version="1.0" encoding="utf-8"?><testsuites name="pytest tests"><testsuite name="pytest" errors="0" failures="0" skipped="0" tests="79" time="48.667" timestamp="2026-07-14T19:34:37.016554+00:00" hostname="agent-env-9d995150-1135-4ada-a6b3-bd790eddaba8"><testcase classname="tests.test_projects_and_engines" name="test_projects_crud_full_lifecycle" time="0.664" /><testcase classname="tests.backend_test.TestPlantSearchDedup" name="test_curcuma_no_duplicate_inchikey_skeleton" time="0.305" /><testcase classname="tests.backend_test.TestPlantSearchDedup" name="test_curcuma_no_duplicate_compound_name" time="0.000" /><testcase classname="tests.backend_test.TestPlantSearchDedup" name="test_curcuma_merged_size_less_than_sum" time="0.000" /><testcase classname="tests.backend_test.TestPlantSearchDedup" name="test_curcuma_has_cross_source_merged_row" time="0.000" /><testcase classname="tests.backend_test.TestPlantSearchDedup" name="test_curcuma_merge_backfills_missing_fields" time="0.000" /><testcase classname="tests.backend_test.TestPlantSearchDedup" name="test_withania_no_duplicate_inchikey_skeleton" time="0.074" /><testcase classname="tests.backend_test.TestPlantSearchDedup" name="test_withania_no_duplicate_compound_name" time="0.000" /><testcase classname="tests.backend_test.TestLCMSEnrich" name="test_enrich_happy_path_with_missing" time="1.123" /><testcase classname="tests.test_projects_and_engines" name="test_autosave_upsert_and_get" time="0.421" /><testcase classname="tests.test_projects_and_engines" name="test_projects_require_auth" time="0.043" /><testcase classname="tests.test_projects_and_engines" name="test_md_engines_endpoint" time="0.021" /><testcase classname="tests.test_projects_and_engines" name="test_md_build_local_engine_produces_extra_files" time="0.023" /><testcase classname="tests.test_projects_and_engines" name="test_md_build_hpc_engine_produces_sbatch" time="0.022" /><testcase classname="tests.test_iter20_extras" name="test_md_engines_have_options_schema" time="0.021" /><testcase classname="tests.test_iter20_extras" name="test_md_build_cloud_engine_aws_produces_dispatch_and_readme" time="0.022" /><testcase classname="tests.test_iter20_extras" name="test_project_restore_version_reverts_state" time="0.535" /><testcase classname="tests.backend_test.TestLCMSEnrich" name="test_enrich_preserves_uploaded_values" time="0.343" /><testcase classname="tests.test_iter20_extras" name="test_register_returns_email_provider_field" time="0.247" /><testcase classname="tests.backend_test.TestLCMSEnrich" name="test_enrich_empty_compounds" time="0.190" /><testcase classname="tests.test_iter20_extras" name="test_resend_verification_public_flow" time="0.780" /><testcase classname="tests.backend_test.TestLCMSEnrich" name="test_enrich_missing_name_row" time="0.267" /><testcase classname="tests.backend_test.TestLCMSEnrich" name="test_enrich_no_body_returns_422" time="0.245" /><testcase classname="tests.test_docking_md" name="test_pdb_candidates_returns_scored_list" time="0.596" /><testcase classname="tests.test_network" name="test_ppi_network" time="0.362" /><testcase classname="tests.test_docking_md" name="test_docking_run_aspirin_ptgs1" time="11.393" /><testcase classname="tests.test_network" name="test_kegg_enrich" time="0.354" /><testcase classname="tests.test_network" name="test_go_enrich_all_ontologies" time="1.472" /><testcase classname="tests.test_network" name="test_go_enrich_has_fold_enrichment_gene_ratio_rich_factor" time="0.893" /><testcase classname="tests.test_network" name="test_go_enrich_accepts_correction_and_threshold_params" time="0.872" /><testcase classname="tests.backend_test.TestPlantsAutocomplete" name="test_empty_query_returns_seeded_matches" time="0.141" /><testcase classname="tests.backend_test.TestPlantsAutocomplete" name="test_prefix_cur_matches_curcuma" time="0.053" /><testcase classname="tests.backend_test.TestPlantsAutocomplete" name="test_prefix_withan_matches_withania" time="0.049" /><testcase classname="tests.backend_test.TestStandardizeStartAndStatus" name="test_start_and_status_4_compounds" time="1.655" /><testcase classname="tests.backend_test.TestStandardizeStartAndStatus" name="test_empty_compounds_returns_null_job" time="0.045" /><testcase classname="tests.backend_test.TestStandardizeStartAndStatus" name="test_status_unknown_job_returns_404" time="0.052" /><testcase classname="tests.test_auth" name="test_admin_login_returns_user_profile" time="0.247" /><testcase classname="tests.test_auth" name="test_register_creates_user_and_verifies_verification_token" time="0.295" /><testcase classname="tests.test_auth" name="test_login_wrong_password_returns_401" time="0.247" /><testcase classname="tests.test_iter28_features.TestGoogleOAuth" name="test_status_configured" time="0.151" /><testcase classname="tests.test_iter28_features.TestGoogleOAuth" name="test_login_redirect" time="0.119" /><testcase classname="tests.test_iter28_features.TestGoogleOAuth" name="test_callback_bad_state_returns_400" time="0.117" /><testcase classname="tests.backend_test.TestPlantSearch" name="test_plant_search_curcuma_longa" time="0.167" /><testcase classname="tests.backend_test.TestPlantSearch" name="test_plant_search_missing_param_422" time="0.053" /><testcase classname="tests.backend_test.TestLotusExact" name="test_exact_smiles_curcumin" time="0.852" /><testcase classname="tests.backend_test.TestLotusExact" name="test_exact_invalid_type_422" time="0.056" /><testcase classname="tests.backend_test.TestLotusDedup" name="test_lotus_simple_curcumin_no_inchikey_duplicates" time="0.831" /><testcase classname="tests.backend_test.TestLotusDedup" name="test_lotus_molweight_no_inchikey_duplicates" time="1.069" /><testcase classname="tests.backend_test.TestPlantSearchCache" name="test_curcuma_longa_cached_second_call" time="0.125" /><testcase classname="tests.backend_test.TestPlantSearchCache" name="test_search_indexes_plant_into_autocomplete" time="0.124" /><testcase classname="tests.backend_test.TestStandardizeManualReview" name="test_bogus_compound_manual_review" time="1.672" /><testcase classname="tests.test_docking_md" name="test_md_estimate_scales_with_production_ns" time="0.043" /><testcase classname="tests.test_docking_md" name="test_md_build_returns_zip_with_all_files" time="0.189" /><testcase classname="tests.test_admet.TestAdmetEmptyAnd404" name="test_predict_empty_returns_null_job" time="0.198" /><testcase classname="tests.backend_test.TestStandardizeManualReview" name="test_empty_name_manual_review" time="0.166" /><testcase classname="tests.test_admet.TestAdmetEmptyAnd404" name="test_status_unknown_job_404" time="0.068" /><testcase classname="tests.test_iter28_features.TestAuthRegression" name="test_admin_login" time="0.372" /><testcase classname="tests.test_admet.TestAdmetPredictHappyPath" name="test_predict_two_compounds_and_status_done" time="5.167" /><testcase classname="tests.test_iter28_features.TestAuthRegression" name="test_deps_status" time="0.160" /><testcase classname="tests.test_report" name="test_report_download_404_for_unknown_id" time="0.334" /><testcase classname="tests.test_report" name="test_report_generate_route_returns_500_or_200_not_404" time="5.024" /><testcase classname="tests.test_admet.TestAdmetPredictHappyPath" name="test_aspirin_druglikeness_flags" time="1.679" /><testcase classname="tests.backend_test.TestHealth" name="test_health_ok" time="0.146" /><testcase classname="tests.backend_test.TestLotusSimple" name="test_simple_curcumin" time="0.855" /><testcase classname="tests.backend_test.TestLotusSubstructure" name="test_substructure_phenol" time="8.222" /><testcase classname="tests.test_target_disease.TestTargetPredict" name="test_predict_curcumin" time="0.156" /><testcase classname="tests.test_target_disease.TestTargetPredict" name="test_status_unknown_job_404" time="0.050" /><testcase classname="tests.backend_test.TestPlantsPopular" name="test_popular_valid_json" time="0.104" /><testcase classname="tests.backend_test.TestStandardizeSynonymResolution" name="test_vitamin_c_resolves" time="6.929" /><testcase classname="tests.backend_test.TestStandardizeDuplicate" name="test_duplicate_second_curcumin" time="0.867" /><testcase classname="tests.backend_test.TestStandardizeShortCircuit" name="test_prepopulated_row_short_circuits_pubchem" time="0.867" /><testcase classname="tests.backend_test.TestLotusMolweight" name="test_molweight_range" time="0.731" /><testcase classname="tests.backend_test.TestStandardizeIdentifiers" name="test_curcumin_full_identifiers" time="0.911" /><testcase classname="tests.test_admet.TestHealthAdmetReady" name="test_health_has_admet_ready_bool" time="0.187" /><testcase classname="tests.test_admet.TestAdmetNoSmilesRow" name="test_row_without_smiles_marked_no_smiles" time="1.636" /><testcase classname="tests.test_docking_pose" name="test_pose_download_pdbqt_and_pdb" time="11.287" /><testcase classname="tests.test_target_disease.TestDiseaseSearch" name="test_search_diabetes_returns_hits" time="0.519" /><testcase classname="tests.test_target_disease.TestDiseaseTargets" name="test_t2dm_targets" time="0.095" /><testcase classname="tests.test_iter28_features.TestDockingSSE" name="test_docking_run_stream" time="5.142" /></testsuite></testsuites>