<?xml version="1.0" encoding="utf-8"?><testsuites name="pytest tests"><testsuite name="pytest" errors="0" failures="0" skipped="1" tests="13" time="15.285" timestamp="2026-07-21T14:40:25.647263+00:00" hostname="agent-env-9d995150-1135-4ada-a6b3-bd790eddaba8"><testcase classname="tests.test_report" name="test_report_download_404_for_unknown_id" time="0.533" /><testcase classname="tests.test_projects_and_engines" name="test_projects_crud_full_lifecycle" time="1.309" /><testcase classname="tests.test_report" name="test_report_generate_route_returns_500_or_200_not_404" time="5.056" /><testcase classname="tests.test_projects_and_engines" name="test_autosave_upsert_and_get" time="0.525" /><testcase classname="tests.test_projects_and_engines" name="test_projects_require_auth" time="0.205"><skipped type="pytest.skip" message="AUTH_GATE_ENABLED is off (public-preview bypass)">/app/backend/tests/test_projects_and_engines.py:115: AUTH_GATE_ENABLED is off (public-preview bypass)</skipped></testcase><testcase classname="tests.test_projects_and_engines" name="test_md_engines_endpoint" time="0.100" /><testcase classname="tests.test_projects_and_engines" name="test_md_build_local_engine_produces_extra_files" time="0.255" /><testcase classname="tests.test_projects_and_engines" name="test_md_build_hpc_engine_produces_sbatch" time="0.124" /><testcase classname="tests.test_docking_pose" name="test_pose_download_pdbqt_and_pdb" time="11.855" /><testcase classname="tests.test_target_disease.TestTargetPredict" name="test_predict_curcumin" time="0.210" /><testcase classname="tests.test_target_disease.TestTargetPredict" name="test_status_unknown_job_404" time="0.066" /><testcase classname="tests.test_target_disease.TestDiseaseSearch" name="test_search_diabetes_returns_hits" time="0.374" /><testcase classname="tests.test_target_disease.TestDiseaseTargets" name="test_t2dm_targets" time="0.069" /></testsuite></testsuites>