<?xml version="1.0" encoding="utf-8"?><testsuites name="pytest tests"><testsuite name="pytest" errors="0" failures="0" skipped="7" tests="12" time="142.902" timestamp="2026-07-15T16:15:44.996097+00:00" hostname="agent-env-9d995150-1135-4ada-a6b3-bd790eddaba8"><testcase classname="tests.test_report" name="test_report_download_404_for_unknown_id" time="0.039" /><testcase classname="tests.test_report" name="test_report_generate_route_returns_500_or_200_not_404" time="5.021" /><testcase classname="tests.test_report_cloudflare_520_fix" name="test_prompt_stays_under_safety_cap_for_large_workflow" time="1.702" /><testcase classname="tests.test_report_cloudflare_520_fix" name="test_slim_docking_drops_poses_and_interactions" time="0.002" /><testcase classname="tests.test_report_cloudflare_520_fix" name="test_report_generate_small_workflow" time="45.412"><skipped type="pytest.skip" message="LLM upstream error: Report generation timed out. Try shrinking the workflow inputs or splitting the run into fewer compounds/targets.">/app/backend/tests/test_report_cloudflare_520_fix.py:185: LLM upstream error: Report generation timed out. Try shrinking the workflow inputs or splitting the run into fewer compounds/targets.</skipped></testcase><testcase classname="tests.test_report_cloudflare_520_fix" name="test_report_generate_large_workflow_no_cloudflare_520" time="45.353"><skipped type="pytest.skip" message="LLM upstream returned error (still a clean 500 JSON, not 520): Report generation timed out. Try shrinking the workflow inputs or splitting the run into fewer compounds/targets.">/app/backend/tests/test_report_cloudflare_520_fix.py:221: LLM upstream returned error (still a clean 500 JSON, not 520): Report generation timed out. Try shrinking the workflow inputs or splitting the run into fewer compounds/targets.</skipped></testcase><testcase classname="tests.test_report_cloudflare_520_fix" name="test_download_md" time="45.244"><skipped type="pytest.skip" message="cannot obtain report_id (LLM upstream error 500: {&quot;detail&quot;:&quot;Report generation timed out. Try shrinking the workflow inputs or splitting the run into fewer compounds/targets.&quot;})">/app/backend/tests/test_report_cloudflare_520_fix.py:240: cannot obtain report_id (LLM upstream error 500: {"detail":"Report generation timed out. Try shrinking the workflow inputs or splitting the run into fewer compounds/targets."})</skipped></testcase><testcase classname="tests.test_report_cloudflare_520_fix" name="test_download_html" time="0.000"><skipped type="pytest.skip" message="cannot obtain report_id (LLM upstream error 500: {&quot;detail&quot;:&quot;Report generation timed out. Try shrinking the workflow inputs or splitting the run into fewer compounds/targets.&quot;})">/app/backend/tests/test_report_cloudflare_520_fix.py:247: cannot obtain report_id (LLM upstream error 500: {"detail":"Report generation timed out. Try shrinking the workflow inputs or splitting the run into fewer compounds/targets."})</skipped></testcase><testcase classname="tests.test_report_cloudflare_520_fix" name="test_download_pdf" time="0.000"><skipped type="pytest.skip" message="cannot obtain report_id (LLM upstream error 500: {&quot;detail&quot;:&quot;Report generation timed out. Try shrinking the workflow inputs or splitting the run into fewer compounds/targets.&quot;})">/app/backend/tests/test_report_cloudflare_520_fix.py:255: cannot obtain report_id (LLM upstream error 500: {"detail":"Report generation timed out. Try shrinking the workflow inputs or splitting the run into fewer compounds/targets."})</skipped></testcase><testcase classname="tests.test_report_cloudflare_520_fix" name="test_download_docx" time="0.001"><skipped type="pytest.skip" message="cannot obtain report_id (LLM upstream error 500: {&quot;detail&quot;:&quot;Report generation timed out. Try shrinking the workflow inputs or splitting the run into fewer compounds/targets.&quot;})">/app/backend/tests/test_report_cloudflare_520_fix.py:262: cannot obtain report_id (LLM upstream error 500: {"detail":"Report generation timed out. Try shrinking the workflow inputs or splitting the run into fewer compounds/targets."})</skipped></testcase><testcase classname="tests.test_report_cloudflare_520_fix" name="test_download_unknown_id_returns_404" time="0.056" /><testcase classname="tests.test_report_cloudflare_520_fix" name="test_download_unsupported_format" time="0.000"><skipped type="pytest.skip" message="cannot obtain report_id (LLM upstream error 500: {&quot;detail&quot;:&quot;Report generation timed out. Try shrinking the workflow inputs or splitting the run into fewer compounds/targets.&quot;})">/app/backend/tests/test_report_cloudflare_520_fix.py:276: cannot obtain report_id (LLM upstream error 500: {"detail":"Report generation timed out. Try shrinking the workflow inputs or splitting the run into fewer compounds/targets."})</skipped></testcase></testsuite></testsuites>