<?xml version="1.0" encoding="utf-8"?><testsuites name="pytest tests"><testsuite name="pytest" errors="0" failures="0" skipped="0" tests="15" time="14.170" timestamp="2026-07-15T14:43:09.081809+00:00" hostname="agent-env-9d995150-1135-4ada-a6b3-bd790eddaba8"><testcase classname="tests.test_iter32_docking_ai" name="test_docking_result_has_classification_object" time="10.661" /><testcase classname="tests.test_iter32_docking_ai" name="test_interactions_has_seven_types_plus_all" time="0.000" /><testcase classname="tests.test_iter32_docking_ai" name="test_docking_interpret_returns_markdown" time="1.180" /><testcase classname="tests.test_iter32_docking_ai" name="test_docking_interpret_404_on_missing_pair" time="0.140" /><testcase classname="tests.test_iter32_docking_ai" name="test_download_ligand_pdbqt_format" time="0.127" /><testcase classname="tests.test_iter32_docking_ai" name="test_download_classification_json_format" time="0.161" /><testcase classname="tests.test_iter32_docking_ai" name="test_deps_status_regression" time="0.095" /><testcase classname="tests.test_iter32_docking_ai" name="test_existing_download_formats_still_work[pdbqt-chemical/x-pdbqt]" time="0.110" /><testcase classname="tests.test_iter32_docking_ai" name="test_existing_download_formats_still_work[pdb-chemical/x-pdb]" time="0.141" /><testcase classname="tests.test_iter32_docking_ai" name="test_existing_download_formats_still_work[best_pdbqt-chemical/x-pdbqt]" time="0.164" /><testcase classname="tests.test_iter32_docking_ai" name="test_existing_download_formats_still_work[best_pdb-chemical/x-pdb]" time="0.102" /><testcase classname="tests.test_iter32_docking_ai" name="test_existing_download_formats_still_work[complex_pdb-chemical/x-pdb]" time="0.173" /><testcase classname="tests.test_iter32_docking_ai" name="test_existing_download_formats_still_work[interactions_json-application/json]" time="0.134" /><testcase classname="tests.test_iter32_docking_ai" name="test_existing_download_formats_still_work[interactions_csv-text/csv]" time="0.139" /><testcase classname="tests.test_iter32_docking_ai" name="test_render_endpoint_300dpi_still_works" time="0.453" /></testsuite></testsuites>