<?xml version="1.0" encoding="utf-8"?><testsuites name="pytest tests"><testsuite name="pytest" errors="0" failures="0" skipped="0" tests="101" time="56.036" timestamp="2026-07-14T20:32:46.071970+00:00" hostname="agent-env-9d995150-1135-4ada-a6b3-bd790eddaba8"><testcase classname="tests.backend_test.TestPlantSearchDedup" name="test_curcuma_no_duplicate_inchikey_skeleton" time="0.200" /><testcase classname="tests.backend_test.TestPlantSearchDedup" name="test_curcuma_no_duplicate_compound_name" time="0.000" /><testcase classname="tests.backend_test.TestPlantSearchDedup" name="test_curcuma_merged_size_less_than_sum" time="0.000" /><testcase classname="tests.backend_test.TestPlantSearchDedup" name="test_curcuma_has_cross_source_merged_row" time="0.000" /><testcase classname="tests.backend_test.TestPlantSearchDedup" name="test_curcuma_merge_backfills_missing_fields" time="0.000" /><testcase classname="tests.backend_test.TestPlantSearchDedup" name="test_withania_no_duplicate_inchikey_skeleton" time="0.070" /><testcase classname="tests.backend_test.TestPlantSearchDedup" name="test_withania_no_duplicate_compound_name" time="0.000" /><testcase classname="tests.test_projects_and_engines" name="test_projects_crud_full_lifecycle" time="0.961" /><testcase classname="tests.test_projects_and_engines" name="test_autosave_upsert_and_get" time="0.535" /><testcase classname="tests.test_projects_and_engines" name="test_projects_require_auth" time="0.252" /><testcase classname="tests.test_projects_and_engines" name="test_md_engines_endpoint" time="0.130" /><testcase classname="tests.test_projects_and_engines" name="test_md_build_local_engine_produces_extra_files" time="0.125" /><testcase classname="tests.test_projects_and_engines" name="test_md_build_hpc_engine_produces_sbatch" time="0.107" /><testcase classname="tests.test_iter29_refactor.TestReportRoutes" name="test_report_download_404" time="2.329" /><testcase classname="tests.test_iter29_refactor.TestReportRoutes" name="test_report_download_md" time="0.002" /><testcase classname="tests.test_iter29_refactor.TestReportRoutes" name="test_report_download_html" time="0.018" /><testcase classname="tests.test_iter29_refactor.TestReportRoutes" name="test_report_download_docx" time="0.048" /><testcase classname="tests.backend_test.TestLCMSEnrich" name="test_enrich_happy_path_with_missing" time="0.758" /><testcase classname="tests.test_iter29_refactor.TestReportRoutes" name="test_report_download_pdf" time="0.029" /><testcase classname="tests.test_iter29_refactor.TestReportRoutes" name="test_report_download_bad_fmt" time="0.002" /><testcase classname="tests.test_iter29_refactor.TestReportRoutes" name="test_report_generate_route_exists_live" time="5.058" /><testcase classname="tests.backend_test.TestLCMSEnrich" name="test_enrich_preserves_uploaded_values" time="0.319" /><testcase classname="tests.backend_test.TestLCMSEnrich" name="test_enrich_empty_compounds" time="0.057" /><testcase classname="tests.backend_test.TestLCMSEnrich" name="test_enrich_missing_name_row" time="0.074" /><testcase classname="tests.backend_test.TestLCMSEnrich" name="test_enrich_no_body_returns_422" time="0.047" /><testcase classname="tests.test_iter29_refactor.TestRegressionMainRouter" name="test_health" time="0.114" /><testcase classname="tests.test_iter29_refactor.TestRegressionMainRouter" name="test_plants_popular" time="0.123" /><testcase classname="tests.test_iter29_refactor.TestRegressionMainRouter" name="test_plants_autocomplete" time="0.120" /><testcase classname="tests.test_iter29_refactor.TestRegressionMainRouter" name="test_plant_search" time="0.111" /><testcase classname="tests.test_iter29_refactor.TestRegressionMainRouter" name="test_auth_login_and_me" time="0.397" /><testcase classname="tests.test_network" name="test_ppi_network" time="0.453" /><testcase classname="tests.test_network" name="test_kegg_enrich" time="0.496" /><testcase classname="tests.test_network" name="test_go_enrich_all_ontologies" time="2.502" /><testcase classname="tests.test_iter20_extras" name="test_md_engines_have_options_schema" time="0.305" /><testcase classname="tests.test_iter20_extras" name="test_md_build_cloud_engine_aws_produces_dispatch_and_readme" time="0.114" /><testcase classname="tests.test_iter20_extras" name="test_project_restore_version_reverts_state" time="0.709" /><testcase classname="tests.test_network" name="test_go_enrich_has_fold_enrichment_gene_ratio_rich_factor" time="1.335" /><testcase classname="tests.test_iter20_extras" name="test_register_returns_email_provider_field" time="0.329" /><testcase classname="tests.test_iter20_extras" name="test_resend_verification_public_flow" time="1.086" /><testcase classname="tests.test_network" name="test_go_enrich_accepts_correction_and_threshold_params" time="1.131" /><testcase classname="tests.backend_test.TestPlantsAutocomplete" name="test_empty_query_returns_seeded_matches" time="0.116" /><testcase classname="tests.backend_test.TestPlantsAutocomplete" name="test_prefix_cur_matches_curcuma" time="0.057" /><testcase classname="tests.backend_test.TestPlantsAutocomplete" name="test_prefix_withan_matches_withania" time="0.055" /><testcase classname="tests.backend_test.TestStandardizeStartAndStatus" name="test_start_and_status_4_compounds" time="1.612" /><testcase classname="tests.test_docking_md" name="test_pdb_candidates_returns_scored_list" time="0.580" /><testcase classname="tests.test_docking_md" name="test_docking_run_aspirin_ptgs1" time="11.577" /><testcase classname="tests.backend_test.TestStandardizeStartAndStatus" name="test_empty_compounds_returns_null_job" time="0.053" /><testcase classname="tests.backend_test.TestStandardizeStartAndStatus" name="test_status_unknown_job_returns_404" time="0.060" /><testcase classname="tests.test_auth" name="test_admin_login_returns_user_profile" time="0.426" /><testcase classname="tests.test_auth" name="test_register_creates_user_and_verifies_verification_token" time="0.409" /><testcase classname="tests.test_auth" name="test_login_wrong_password_returns_401" time="0.355" /><testcase classname="tests.test_iter28_features.TestGoogleOAuth" name="test_status_configured" time="0.114" /><testcase classname="tests.test_iter28_features.TestGoogleOAuth" name="test_login_redirect" time="0.118" /><testcase classname="tests.test_iter28_features.TestGoogleOAuth" name="test_callback_bad_state_returns_400" time="0.149" /><testcase classname="tests.test_iter29_refactor.TestMDRoutes" name="test_deps_status" time="0.122" /><testcase classname="tests.test_iter29_refactor.TestMDRoutes" name="test_md_engines" time="0.152" /><testcase classname="tests.test_iter29_refactor.TestMDRoutes" name="test_md_estimate_default" time="0.114" /><testcase classname="tests.test_iter29_refactor.TestNetworkRoutes" name="test_ppi_network" time="0.385" /><testcase classname="tests.test_iter29_refactor.TestNetworkRoutes" name="test_kegg_enrich" time="0.373" /><testcase classname="tests.test_iter29_refactor.TestNetworkRoutes" name="test_go_enrich" time="0.985" /><testcase classname="tests.backend_test.TestPlantSearch" name="test_plant_search_curcuma_longa" time="0.123" /><testcase classname="tests.backend_test.TestPlantSearch" name="test_plant_search_missing_param_422" time="0.066" /><testcase classname="tests.backend_test.TestLotusExact" name="test_exact_smiles_curcumin" time="0.866" /><testcase classname="tests.backend_test.TestLotusExact" name="test_exact_invalid_type_422" time="0.055" /><testcase classname="tests.backend_test.TestLotusDedup" name="test_lotus_simple_curcumin_no_inchikey_duplicates" time="0.857" /><testcase classname="tests.backend_test.TestLotusDedup" name="test_lotus_molweight_no_inchikey_duplicates" time="1.067" /><testcase classname="tests.backend_test.TestPlantSearchCache" name="test_curcuma_longa_cached_second_call" time="0.131" /><testcase classname="tests.backend_test.TestPlantSearchCache" name="test_search_indexes_plant_into_autocomplete" time="0.136" /><testcase classname="tests.backend_test.TestStandardizeManualReview" name="test_bogus_compound_manual_review" time="1.676" /><testcase classname="tests.backend_test.TestStandardizeManualReview" name="test_empty_name_manual_review" time="0.169" /><testcase classname="tests.test_admet.TestAdmetPredictHappyPath" name="test_predict_two_compounds_and_status_done" time="5.024" /><testcase classname="tests.test_docking_md" name="test_md_estimate_scales_with_production_ns" time="0.243" /><testcase classname="tests.test_docking_md" name="test_md_build_returns_zip_with_all_files" time="0.475" /><testcase classname="tests.test_iter28_features.TestAuthRegression" name="test_admin_login" time="0.381" /><testcase classname="tests.test_iter28_features.TestAuthRegression" name="test_deps_status" time="0.108" /><testcase classname="tests.test_iter29_refactor.TestDiseaseRoutes" name="test_disease_search" time="0.471" /><testcase classname="tests.test_iter29_refactor.TestDiseaseRoutes" name="test_disease_targets_and_cache" time="0.290" /><testcase classname="tests.test_report" name="test_report_download_404_for_unknown_id" time="0.184" /><testcase classname="tests.test_report" name="test_report_generate_route_returns_500_or_200_not_404" time="5.055" /><testcase classname="tests.test_admet.TestAdmetPredictHappyPath" name="test_aspirin_druglikeness_flags" time="1.689" /><testcase classname="tests.test_admet.TestAdmetEmptyAnd404" name="test_predict_empty_returns_null_job" time="0.055" /><testcase classname="tests.test_admet.TestAdmetEmptyAnd404" name="test_status_unknown_job_404" time="0.054" /><testcase classname="tests.backend_test.TestHealth" name="test_health_ok" time="0.144" /><testcase classname="tests.backend_test.TestLotusSimple" name="test_simple_curcumin" time="0.852" /><testcase classname="tests.backend_test.TestLotusSubstructure" name="test_substructure_phenol" time="7.918" /><testcase classname="tests.test_target_disease.TestTargetPredict" name="test_predict_curcumin" time="0.436" /><testcase classname="tests.test_target_disease.TestTargetPredict" name="test_status_unknown_job_404" time="0.059" /><testcase classname="tests.backend_test.TestStandardizeIdentifiers" name="test_curcumin_full_identifiers" time="0.973" /><testcase classname="tests.backend_test.TestStandardizeSynonymResolution" name="test_vitamin_c_resolves" time="6.364" /><testcase classname="tests.backend_test.TestLotusMolweight" name="test_molweight_range" time="1.159" /><testcase classname="tests.backend_test.TestStandardizeDuplicate" name="test_duplicate_second_curcumin" time="1.700" /><testcase classname="tests.backend_test.TestPlantsPopular" name="test_popular_valid_json" time="0.067" /><testcase classname="tests.test_admet.TestHealthAdmetReady" name="test_health_has_admet_ready_bool" time="0.150" /><testcase classname="tests.test_docking_pose" name="test_pose_download_pdbqt_and_pdb" time="11.381" /><testcase classname="tests.backend_test.TestStandardizeShortCircuit" name="test_prepopulated_row_short_circuits_pubchem" time="0.891" /><testcase classname="tests.test_admet.TestAdmetNoSmilesRow" name="test_row_without_smiles_marked_no_smiles" time="1.735" /><testcase classname="tests.test_iter29_refactor.TestAssistantDocxRegression" name="test_assistant_docx_bad_id_is_not_kwarg_500" time="0.415" /><testcase classname="tests.test_target_disease.TestDiseaseSearch" name="test_search_diabetes_returns_hits" time="0.339" /><testcase classname="tests.test_target_disease.TestDiseaseTargets" name="test_t2dm_targets" time="0.073" /><testcase classname="tests.test_iter28_features.TestDockingSSE" name="test_docking_run_stream" time="5.048" /><testcase classname="tests.test_iter29_refactor.TestDockingRoutes" name="test_pdb_candidates" time="0.648" /></testsuite></testsuites>