<?xml version="1.0" encoding="utf-8"?><testsuites name="pytest tests"><testsuite name="pytest" errors="0" failures="0" skipped="0" tests="5" time="1.927" timestamp="2026-07-14T02:16:47.067810+00:00" hostname="agent-env-9d995150-1135-4ada-a6b3-bd790eddaba8"><testcase classname="tests.test_iter20_extras" name="test_md_engines_have_options_schema" time="0.040" /><testcase classname="tests.test_iter20_extras" name="test_md_build_cloud_engine_aws_produces_dispatch_and_readme" time="0.024" /><testcase classname="tests.test_iter20_extras" name="test_project_restore_version_reverts_state" time="0.512" /><testcase classname="tests.test_iter20_extras" name="test_register_returns_email_provider_field" time="0.246" /><testcase classname="tests.test_iter20_extras" name="test_resend_verification_public_flow" time="0.734" /></testsuite></testsuites>