<?xml version="1.0" encoding="utf-8"?><testsuites name="pytest tests"><testsuite name="pytest" errors="0" failures="0" skipped="0" tests="8" time="11.763" timestamp="2026-07-15T14:24:45.802971+00:00" hostname="agent-env-9d995150-1135-4ada-a6b3-bd790eddaba8"><testcase classname="tests.test_deps_and_docking_selfheal" name="test_deps_status_ok" time="0.174" /><testcase classname="tests.test_deps_and_docking_selfheal" name="test_deps_vina_ok" time="0.064" /><testcase classname="tests.test_deps_and_docking_selfheal" name="test_deps_obabel_ok" time="0.064" /><testcase classname="tests.test_deps_and_docking_selfheal" name="test_deps_gmx_ok" time="0.064" /><testcase classname="tests.test_deps_and_docking_selfheal" name="test_docking_run_returns_200_not_503" time="10.496" /><testcase classname="tests.test_deps_and_docking_selfheal" name="test_docking_run_response_shape" time="0.002" /><testcase classname="tests.test_deps_and_docking_selfheal" name="test_docking_pose_complex_pdb" time="0.120" /><testcase classname="tests.test_deps_and_docking_selfheal" name="test_docking_render_png_300dpi" time="0.387" /></testsuite></testsuites>