<?xml version="1.0" encoding="utf-8"?><testsuites name="pytest tests"><testsuite name="pytest" errors="0" failures="0" skipped="0" tests="14" time="5.036" timestamp="2026-07-14T20:28:32.312511+00:00" hostname="agent-env-9d995150-1135-4ada-a6b3-bd790eddaba8"><testcase classname="tests.test_iter29_refactor.TestMDRoutes" name="test_deps_status" time="0.236" /><testcase classname="tests.test_iter29_refactor.TestMDRoutes" name="test_md_engines" time="0.112" /><testcase classname="tests.test_iter29_refactor.TestMDRoutes" name="test_md_estimate_default" time="0.122" /><testcase classname="tests.test_iter29_refactor.TestNetworkRoutes" name="test_ppi_network" time="0.499" /><testcase classname="tests.test_iter29_refactor.TestNetworkRoutes" name="test_kegg_enrich" time="0.539" /><testcase classname="tests.test_iter29_refactor.TestNetworkRoutes" name="test_go_enrich" time="1.455" /><testcase classname="tests.test_iter29_refactor.TestDiseaseRoutes" name="test_disease_search" time="0.396" /><testcase classname="tests.test_iter29_refactor.TestDiseaseRoutes" name="test_disease_targets_and_cache" time="0.261" /><testcase classname="tests.test_iter29_refactor.TestDockingRoutes" name="test_pdb_candidates" time="0.469" /><testcase classname="tests.test_iter29_refactor.TestRegressionMainRouter" name="test_health" time="0.122" /><testcase classname="tests.test_iter29_refactor.TestRegressionMainRouter" name="test_plants_popular" time="0.124" /><testcase classname="tests.test_iter29_refactor.TestRegressionMainRouter" name="test_plants_autocomplete" time="0.109" /><testcase classname="tests.test_iter29_refactor.TestRegressionMainRouter" name="test_plant_search" time="0.133" /><testcase classname="tests.test_iter29_refactor.TestRegressionMainRouter" name="test_auth_login_and_me" time="0.381" /></testsuite></testsuites>