<?xml version="1.0" encoding="utf-8"?><testsuites name="pytest tests"><testsuite name="pytest" errors="0" failures="7" skipped="1" tests="139" time="135.467" timestamp="2026-07-15T14:25:08.935455+00:00" hostname="agent-env-9d995150-1135-4ada-a6b3-bd790eddaba8"><testcase classname="tests.test_deps_and_docking_selfheal" name="test_deps_status_ok" time="0.143" /><testcase classname="tests.test_deps_and_docking_selfheal" name="test_deps_vina_ok" time="0.231" /><testcase classname="tests.test_deps_and_docking_selfheal" name="test_deps_obabel_ok" time="0.087" /><testcase classname="tests.test_deps_and_docking_selfheal" name="test_deps_gmx_ok" time="0.078" /><testcase classname="tests.test_deps_and_docking_selfheal" name="test_docking_run_returns_200_not_503" time="11.027" /><testcase classname="tests.test_deps_and_docking_selfheal" name="test_docking_run_response_shape" time="0.000" /><testcase classname="tests.test_deps_and_docking_selfheal" name="test_docking_pose_complex_pdb" time="0.114" /><testcase classname="tests.test_deps_and_docking_selfheal" name="test_docking_render_png_300dpi" time="0.351" /><testcase classname="tests.backend_test.TestPlantSearchDedup" name="test_curcuma_no_duplicate_inchikey_skeleton" time="0.235" /><testcase classname="tests.backend_test.TestPlantSearchDedup" name="test_curcuma_no_duplicate_compound_name" time="0.000" /><testcase classname="tests.backend_test.TestPlantSearchDedup" name="test_curcuma_merged_size_less_than_sum" time="0.000" /><testcase classname="tests.backend_test.TestPlantSearchDedup" name="test_curcuma_has_cross_source_merged_row" time="0.000" /><testcase classname="tests.backend_test.TestPlantSearchDedup" name="test_curcuma_merge_backfills_missing_fields" time="0.000" /><testcase classname="tests.backend_test.TestPlantSearchDedup" name="test_withania_no_duplicate_inchikey_skeleton" time="0.060" /><testcase classname="tests.backend_test.TestPlantSearchDedup" name="test_withania_no_duplicate_compound_name" time="0.000" /><testcase classname="tests.test_iter29_refactor.TestReportRoutes" name="test_report_download_404" time="2.749" /><testcase classname="tests.test_iter29_refactor.TestReportRoutes" name="test_report_download_md" time="0.002" /><testcase classname="tests.test_iter29_refactor.TestReportRoutes" name="test_report_download_html" time="0.033" /><testcase classname="tests.test_iter29_refactor.TestReportRoutes" name="test_report_download_docx" time="0.211" /><testcase classname="tests.test_iter29_refactor.TestReportRoutes" name="test_report_download_pdf" time="0.063" /><testcase classname="tests.test_iter29_refactor.TestReportRoutes" name="test_report_download_bad_fmt" time="0.002" /><testcase classname="tests.test_iter29_refactor.TestReportRoutes" name="test_report_generate_route_exists_live" time="5.056" /><testcase classname="tests.test_assistant_workflow.TestAssistantWorkflowRealData" name="test_run_completes_or_progresses" time="16.157" /><testcase classname="tests.test_assistant_workflow.TestAssistantWorkflowRealData" name="test_compounds_populated" time="0.000" /><testcase classname="tests.test_assistant_workflow.TestAssistantWorkflowRealData" name="test_admet_populated" time="0.000" /><testcase classname="tests.test_assistant_workflow.TestAssistantWorkflowRealData" name="test_target_prediction_stage_ran" time="0.000" /><testcase classname="tests.test_assistant_workflow.TestAssistantWorkflowRealData" name="test_disease_targets_populated_with_efo" time="0.000" /><testcase classname="tests.test_assistant_workflow.TestAssistantWorkflowRealData" name="test_intersection_stage_has_all_keys" time="0.000" /><testcase classname="tests.test_assistant_workflow.TestAssistantWorkflowRealData" name="test_ppi_stage_has_keys" time="0.000" /><testcase classname="tests.test_assistant_workflow.TestAssistantWorkflowRealData" name="test_go_kegg_stage_has_keys" time="0.000" /><testcase classname="tests.test_assistant_workflow.TestAssistantWorkflowRealData" name="test_docking_skipped" time="0.000" /><testcase classname="tests.test_assistant_workflow.TestAssistantWorkflowRealData" name="test_report_generated" time="0.000" /><testcase classname="tests.test_assistant_workflow.TestAssistantWorkflowRealData" name="test_report_uses_groq" time="0.000" /><testcase classname="tests.test_assistant_workflow.TestAssistantWorkflowRealData" name="test_report_download_md" time="0.076" /><testcase classname="tests.backend_test.TestLCMSEnrich" name="test_enrich_happy_path_with_missing" time="1.043" /><testcase classname="tests.backend_test.TestLCMSEnrich" name="test_enrich_preserves_uploaded_values" time="0.545" /><testcase classname="tests.backend_test.TestLCMSEnrich" name="test_enrich_empty_compounds" time="0.047" /><testcase classname="tests.backend_test.TestLCMSEnrich" name="test_enrich_missing_name_row" time="0.075" /><testcase classname="tests.backend_test.TestLCMSEnrich" name="test_enrich_no_body_returns_422" time="0.048" /><testcase classname="tests.test_iter20_extras" name="test_md_engines_have_options_schema" time="0.037" /><testcase classname="tests.test_iter20_extras" name="test_md_build_cloud_engine_aws_produces_dispatch_and_readme" time="0.024" /><testcase classname="tests.test_iter20_extras" name="test_project_restore_version_reverts_state" time="0.516" /><testcase classname="tests.test_iter20_extras" name="test_register_returns_email_provider_field" time="0.253" /><testcase classname="tests.test_iter20_extras" name="test_resend_verification_public_flow" time="0.818" /><testcase classname="tests.test_iter29_refactor.TestRegressionMainRouter" name="test_health" time="0.139" /><testcase classname="tests.test_iter29_refactor.TestRegressionMainRouter" name="test_plants_popular" time="0.157" /><testcase classname="tests.test_iter29_refactor.TestRegressionMainRouter" name="test_plants_autocomplete" time="0.111" /><testcase classname="tests.test_iter29_refactor.TestRegressionMainRouter" name="test_plant_search" time="0.097" /><testcase classname="tests.test_iter29_refactor.TestRegressionMainRouter" name="test_auth_login_and_me" time="0.568"><failure message="AssertionError: assert 'preview@phytonet.ai' == 'admin@phytonet.ai'&#10;  &#10;  - admin@phytonet.ai&#10;  + preview@phytonet.ai">backend/tests/test_iter29_refactor.py:325: in test_auth_login_and_me
    assert email == "admin@phytonet.ai"
E   AssertionError: assert 'preview@phytonet.ai' == 'admin@phytonet.ai'
E     
E     - admin@phytonet.ai
E     + preview@phytonet.ai</failure></testcase><testcase classname="tests.test_projects_and_engines" name="test_projects_crud_full_lifecycle" time="0.647" /><testcase classname="tests.test_network" name="test_ppi_network" time="0.607" /><testcase classname="tests.test_projects_and_engines" name="test_autosave_upsert_and_get" time="0.420" /><testcase classname="tests.test_network" name="test_kegg_enrich" time="0.555" /><testcase classname="tests.test_projects_and_engines" name="test_projects_require_auth" time="0.000"><skipped type="pytest.skip" message="AUTH_GATE_ENABLED is off (public-preview bypass)">/app/backend/tests/test_projects_and_engines.py:115: AUTH_GATE_ENABLED is off (public-preview bypass)</skipped></testcase><testcase classname="tests.test_projects_and_engines" name="test_md_engines_endpoint" time="0.023" /><testcase classname="tests.test_projects_and_engines" name="test_md_build_local_engine_produces_extra_files" time="0.025" /><testcase classname="tests.test_projects_and_engines" name="test_md_build_hpc_engine_produces_sbatch" time="0.024" /><testcase classname="tests.test_network" name="test_go_enrich_all_ontologies" time="1.332" /><testcase classname="tests.test_assistant.TestAdminRun" name="test_admin_run_starts" time="0.619" /><testcase classname="tests.test_assistant.TestAdminRun" name="test_admin_status_endpoint" time="0.046" /><testcase classname="tests.test_assistant.TestAdminRun" name="test_admin_status_invalid_id" time="0.043" /><testcase classname="tests.test_assistant.TestAdminRun" name="test_admin_run_unlimited" time="0.058" /><testcase classname="tests.test_docking_md" name="test_pdb_candidates_returns_scored_list" time="0.420" /><testcase classname="tests.test_docking_md" name="test_docking_run_aspirin_ptgs1" time="11.219" /><testcase classname="tests.test_network" name="test_go_enrich_has_fold_enrichment_gene_ratio_rich_factor" time="0.902" /><testcase classname="tests.test_network" name="test_go_enrich_accepts_correction_and_threshold_params" time="0.875" /><testcase classname="tests.backend_test.TestPlantsAutocomplete" name="test_empty_query_returns_seeded_matches" time="0.178" /><testcase classname="tests.backend_test.TestPlantsAutocomplete" name="test_prefix_cur_matches_curcuma" time="0.051" /><testcase classname="tests.backend_test.TestPlantsAutocomplete" name="test_prefix_withan_matches_withania" time="0.045" /><testcase classname="tests.backend_test.TestStandardizeStartAndStatus" name="test_start_and_status_4_compounds" time="1.594" /><testcase classname="tests.backend_test.TestStandardizeStartAndStatus" name="test_empty_compounds_returns_null_job" time="0.045" /><testcase classname="tests.backend_test.TestStandardizeStartAndStatus" name="test_status_unknown_job_returns_404" time="0.046" /><testcase classname="tests.test_docking_md" name="test_md_estimate_scales_with_production_ns" time="0.047" /><testcase classname="tests.test_docking_md" name="test_md_build_returns_zip_with_all_files" time="19.832" /><testcase classname="tests.test_assistant.TestEligibility" name="test_eligibility_admin" time="30.456" /><testcase classname="tests.test_assistant.TestEligibility" name="test_eligibility_fresh_user" time="0.395"><failure message="assert True is False">backend/tests/test_assistant.py:77: in test_eligibility_fresh_user
    assert d["is_admin"] is False
E   assert True is False</failure></testcase><testcase classname="tests.test_assistant.TestEligibility" name="test_eligibility_unauthenticated" time="0.105"><failure message="AssertionError: expected 401/403, got 200&#10;assert 200 in (401, 403)&#10; +  where 200 = &lt;Response [200]&gt;.status_code">backend/tests/test_assistant.py:82: in test_eligibility_unauthenticated
    assert r.status_code in (401, 403), f"expected 401/403, got {r.status_code}"
E   AssertionError: expected 401/403, got 200
E   assert 200 in (401, 403)
E    +  where 200 = &lt;Response [200]&gt;.status_code</failure></testcase><testcase classname="tests.test_auth" name="test_admin_login_returns_user_profile" time="0.246" /><testcase classname="tests.test_auth" name="test_register_creates_user_and_verifies_verification_token" time="0.291" /><testcase classname="tests.test_auth" name="test_login_wrong_password_returns_401" time="0.253" /><testcase classname="tests.test_docking_hires" name="test_high_dpi_snapshot_produces_all_formats" time="29.622" /><testcase classname="tests.test_assistant.TestFreeTierGating" name="test_first_run_succeeds" time="5.773" /><testcase classname="tests.test_assistant.TestFreeTierGating" name="test_eligibility_after_first_run" time="0.057"><failure message="assert False is True">backend/tests/test_assistant.py:138: in test_eligibility_after_first_run
    assert d["free_used"] is True
E   assert False is True</failure></testcase><testcase classname="tests.test_assistant.TestFreeTierGating" name="test_second_run_is_402" time="0.050"><failure message="AssertionError: second run must return 402: 200 {&quot;id&quot;:&quot;6a579881d596f59740647a81&quot;,&quot;user_id&quot;:&quot;6a56f593ac21d417dff72944&quot;,&quot;plant_name&quot;:&quot;Ocimum sanctum&quot;,&quot;disease_name&quot;:&quot;Malaria&quot;,&quot;status&quot;:&quot;running&quot;,&quot;progress&quot;:0,&quot;current_stage&quot;:&quot;collect_phytochemicals&quot;,&quot;stages&quot;:[],&quot;error&quot;:null,&quot;report_id&quot;:null,&quot;report_markdown_preview&quot;:&quot;&quot;,&quot;started_at&quot;:&quot;2026-07-15T14:26:&#10;assert 200 == 402&#10; +  where 200 = &lt;Response [200]&gt;.status_code">backend/tests/test_assistant.py:145: in test_second_run_is_402
    assert r.status_code == 402, f"second run must return 402: {r.status_code} {r.text[:300]}"
E   AssertionError: second run must return 402: 200 {"id":"6a579881d596f59740647a81","user_id":"6a56f593ac21d417dff72944","plant_name":"Ocimum sanctum","disease_name":"Malaria","status":"running","progress":0,"current_stage":"collect_phytochemicals","stages":[],"error":null,"report_id":null,"report_markdown_preview":"","started_at":"2026-07-15T14:26:
E   assert 200 == 402
E    +  where 200 = &lt;Response [200]&gt;.status_code</failure></testcase><testcase classname="tests.test_iter28_features.TestGoogleOAuth" name="test_status_configured" time="20.042"><failure message="requests.exceptions.ConnectTimeout: HTTPSConnectionPool(host='herbal-nexus.preview.emergentagent.com', port=443): Max retries exceeded with url: /api/auth/google/status (Caused by ConnectTimeoutError(&lt;HTTPSConnection(host='herbal-nexus.preview.emergentagent.com', port=443) at 0xf882a2b31b50&gt;, 'Connection to herbal-nexus.preview.emergentagent.com timed out. (connect timeout=10)'))">/root/.venv/lib/python3.11/site-packages/urllib3/connection.py:204: in _new_conn
    sock = connection.create_connection(
/root/.venv/lib/python3.11/site-packages/urllib3/util/connection.py:85: in create_connection
    raise err
/root/.venv/lib/python3.11/site-packages/urllib3/util/connection.py:73: in create_connection
    sock.connect(sa)
E   TimeoutError: timed out

The above exception was the direct cause of the following exception:
/root/.venv/lib/python3.11/site-packages/urllib3/connectionpool.py:788: in urlopen
    response = self._make_request(
/root/.venv/lib/python3.11/site-packages/urllib3/connectionpool.py:488: in _make_request
    raise new_e
/root/.venv/lib/python3.11/site-packages/urllib3/connectionpool.py:464: in _make_request
    self._validate_conn(conn)
/root/.venv/lib/python3.11/site-packages/urllib3/connectionpool.py:1106: in _validate_conn
    conn.connect()
/root/.venv/lib/python3.11/site-packages/urllib3/connection.py:759: in connect
    self.sock = sock = self._new_conn()
                       ^^^^^^^^^^^^^^^^
/root/.venv/lib/python3.11/site-packages/urllib3/connection.py:213: in _new_conn
    raise ConnectTimeoutError(
E   urllib3.exceptions.ConnectTimeoutError: (&lt;HTTPSConnection(host='herbal-nexus.preview.emergentagent.com', port=443) at 0xf882a2b31b50&gt;, 'Connection to herbal-nexus.preview.emergentagent.com timed out. (connect timeout=10)')

The above exception was the direct cause of the following exception:
/root/.venv/lib/python3.11/site-packages/requests/adapters.py:696: in send
    resp = conn.urlopen(
/root/.venv/lib/python3.11/site-packages/urllib3/connectionpool.py:842: in urlopen
    retries = retries.increment(
/root/.venv/lib/python3.11/site-packages/urllib3/util/retry.py:543: in increment
    raise MaxRetryError(_pool, url, reason) from reason  # type: ignore[arg-type]
    ^^^^^^^^^^^^^^^^^^^^^^^^^^^^^^^^^^^^^^^^^^^^^^^^^^^
E   urllib3.exceptions.MaxRetryError: HTTPSConnectionPool(host='herbal-nexus.preview.emergentagent.com', port=443): Max retries exceeded with url: /api/auth/google/status (Caused by ConnectTimeoutError(&lt;HTTPSConnection(host='herbal-nexus.preview.emergentagent.com', port=443) at 0xf882a2b31b50&gt;, 'Connection to herbal-nexus.preview.emergentagent.com timed out. (connect timeout=10)'))

During handling of the above exception, another exception occurred:
backend/tests/test_iter28_features.py:13: in test_status_configured
    r = requests.get(f"{BASE_URL}/api/auth/google/status", timeout=10)
        ^^^^^^^^^^^^^^^^^^^^^^^^^^^^^^^^^^^^^^^^^^^^^^^^^^^^^^^^^^^^^^
/root/.venv/lib/python3.11/site-packages/requests/api.py:87: in get
    return request("get", url, params=params, **kwargs)
           ^^^^^^^^^^^^^^^^^^^^^^^^^^^^^^^^^^^^^^^^^^^^
/root/.venv/lib/python3.11/site-packages/requests/api.py:71: in request
    return session.request(method=method, url=url, **kwargs)
           ^^^^^^^^^^^^^^^^^^^^^^^^^^^^^^^^^^^^^^^^^^^^^^^^^
/root/.venv/lib/python3.11/site-packages/requests/sessions.py:651: in request
    resp = self.send(prep, **send_kwargs)
           ^^^^^^^^^^^^^^^^^^^^^^^^^^^^^^
/root/.venv/lib/python3.11/site-packages/requests/sessions.py:784: in send
    r = adapter.send(request, **kwargs)
        ^^^^^^^^^^^^^^^^^^^^^^^^^^^^^^^
/root/.venv/lib/python3.11/site-packages/requests/adapters.py:717: in send
    raise ConnectTimeout(e, request=request)
E   requests.exceptions.ConnectTimeout: HTTPSConnectionPool(host='herbal-nexus.preview.emergentagent.com', port=443): Max retries exceeded with url: /api/auth/google/status (Caused by ConnectTimeoutError(&lt;HTTPSConnection(host='herbal-nexus.preview.emergentagent.com', port=443) at 0xf882a2b31b50&gt;, 'Connection to herbal-nexus.preview.emergentagent.com timed out. (connect timeout=10)'))</failure></testcase><testcase classname="tests.test_iter28_features.TestGoogleOAuth" name="test_login_redirect" time="0.154" /><testcase classname="tests.test_iter28_features.TestGoogleOAuth" name="test_callback_bad_state_returns_400" time="0.111" /><testcase classname="tests.test_iter29_refactor.TestMDRoutes" name="test_deps_status" time="0.113" /><testcase classname="tests.test_iter29_refactor.TestMDRoutes" name="test_md_engines" time="0.190" /><testcase classname="tests.test_iter29_refactor.TestMDRoutes" name="test_md_estimate_default" time="0.323" /><testcase classname="tests.test_iter29_refactor.TestNetworkRoutes" name="test_ppi_network" time="6.366" /><testcase classname="tests.test_iter29_refactor.TestNetworkRoutes" name="test_kegg_enrich" time="1.156" /><testcase classname="tests.test_docking_hires" name="test_high_dpi_snapshot_404_on_missing_pair" time="0.131" /><testcase classname="tests.test_iter29_refactor.TestNetworkRoutes" name="test_go_enrich" time="1.440" /><testcase classname="tests.test_docking_hires" name="test_high_dpi_snapshot_clamps_dpi_range" time="14.361" /><testcase classname="tests.backend_test.TestPlantSearch" name="test_plant_search_curcuma_longa" time="0.132" /><testcase classname="tests.backend_test.TestPlantSearch" name="test_plant_search_missing_param_422" time="0.052" /><testcase classname="tests.backend_test.TestLotusDedup" name="test_lotus_simple_curcumin_no_inchikey_duplicates" time="2.254" /><testcase classname="tests.backend_test.TestLotusDedup" name="test_lotus_molweight_no_inchikey_duplicates" time="1.342"><failure message="AssertionError: Duplicate InChIKey skeletons in /lotus/molweight (24 dups)&#10;assert 50 == 26&#10; +  where 50 = len(['RNBDRQIJTOZYML', 'UACZEBODXTXUMI', 'UACZEBODXTXUMI', 'SWTXHUUBYZNDAJ', 'SWTXHUUBYZNDAJ', 'JALVTHFTYRPDMB', ...])&#10; +  and   26 = len({'AIFXMSDWXBFQTF', 'BMQBTHWVNBJSPS', 'CFYZWMOGIXBXRL', 'DARPNBBNASGJNY', 'DHWCRSNZCPDTKZ', 'FYOBRHSIFOGQKX', ...})&#10; +    where {'AIFXMSDWXBFQTF', 'BMQBTHWVNBJSPS', 'CFYZWMOGIXBXRL', 'DARPNBBNASGJNY', 'DHWCRSNZCPDTKZ', 'FYOBRHSIFOGQKX', ...} = set(['RNBDRQIJTOZYML', 'UACZEBODXTXUMI', 'UACZEBODXTXUMI', 'SWTXHUUBYZNDAJ', 'SWTXHUUBYZNDAJ', 'JALVTHFTYRPDMB', ...])">backend/tests/backend_test.py:427: in test_lotus_molweight_no_inchikey_duplicates
    assert len(skeletons) == len(set(skeletons)), (
E   AssertionError: Duplicate InChIKey skeletons in /lotus/molweight (24 dups)
E   assert 50 == 26
E    +  where 50 = len(['RNBDRQIJTOZYML', 'UACZEBODXTXUMI', 'UACZEBODXTXUMI', 'SWTXHUUBYZNDAJ', 'SWTXHUUBYZNDAJ', 'JALVTHFTYRPDMB', ...])
E    +  and   26 = len({'AIFXMSDWXBFQTF', 'BMQBTHWVNBJSPS', 'CFYZWMOGIXBXRL', 'DARPNBBNASGJNY', 'DHWCRSNZCPDTKZ', 'FYOBRHSIFOGQKX', ...})
E    +    where {'AIFXMSDWXBFQTF', 'BMQBTHWVNBJSPS', 'CFYZWMOGIXBXRL', 'DARPNBBNASGJNY', 'DHWCRSNZCPDTKZ', 'FYOBRHSIFOGQKX', ...} = set(['RNBDRQIJTOZYML', 'UACZEBODXTXUMI', 'UACZEBODXTXUMI', 'SWTXHUUBYZNDAJ', 'SWTXHUUBYZNDAJ', 'JALVTHFTYRPDMB', ...])</failure></testcase><testcase classname="tests.backend_test.TestPlantSearchCache" name="test_curcuma_longa_cached_second_call" time="0.096" /><testcase classname="tests.backend_test.TestPlantSearchCache" name="test_search_indexes_plant_into_autocomplete" time="0.112" /><testcase classname="tests.backend_test.TestStandardizeManualReview" name="test_bogus_compound_manual_review" time="1.618" /><testcase classname="tests.backend_test.TestStandardizeManualReview" name="test_empty_name_manual_review" time="0.097" /><testcase classname="tests.test_admet.TestAdmetPredictHappyPath" name="test_predict_two_compounds_and_status_done" time="1.745" /><testcase classname="tests.test_admet.TestAdmetPredictHappyPath" name="test_aspirin_druglikeness_flags" time="1.642" /><testcase classname="tests.test_admet.TestAdmetEmptyAnd404" name="test_predict_empty_returns_null_job" time="0.048" /><testcase classname="tests.test_admet.TestAdmetEmptyAnd404" name="test_status_unknown_job_404" time="0.069" /><testcase classname="tests.test_assistant.TestRegression" name="test_public_endpoint_alive[/deps/status]" time="0.120" /><testcase classname="tests.test_assistant.TestRegression" name="test_public_endpoint_alive[/md/engines]" time="0.124" /><testcase classname="tests.test_iter28_features.TestAuthRegression" name="test_admin_login" time="0.405" /><testcase classname="tests.test_iter28_features.TestAuthRegression" name="test_deps_status" time="3.025" /><testcase classname="tests.test_iter29_refactor.TestDiseaseRoutes" name="test_disease_search" time="0.373" /><testcase classname="tests.backend_test.TestLotusExact" name="test_exact_smiles_curcumin" time="1.106" /><testcase classname="tests.test_iter29_refactor.TestDiseaseRoutes" name="test_disease_targets_and_cache" time="0.236" /><testcase classname="tests.test_report" name="test_report_download_404_for_unknown_id" time="0.022" /><testcase classname="tests.test_report" name="test_report_generate_route_returns_500_or_200_not_404" time="5.026" /><testcase classname="tests.backend_test.TestLotusExact" name="test_exact_invalid_type_422" time="0.064" /><testcase classname="tests.test_target_disease.TestTargetPredict" name="test_predict_curcumin" time="0.167" /><testcase classname="tests.test_target_disease.TestTargetPredict" name="test_status_unknown_job_404" time="0.052" /><testcase classname="tests.backend_test.TestLotusSubstructure" name="test_substructure_phenol" time="9.210" /><testcase classname="tests.backend_test.TestHealth" name="test_health_ok" time="0.127" /><testcase classname="tests.backend_test.TestLotusSimple" name="test_simple_curcumin" time="0.888" /><testcase classname="tests.backend_test.TestStandardizeIdentifiers" name="test_curcumin_full_identifiers" time="0.840" /><testcase classname="tests.backend_test.TestStandardizeSynonymResolution" name="test_vitamin_c_resolves" time="5.325" /><testcase classname="tests.backend_test.TestLotusMolweight" name="test_molweight_range" time="0.698" /><testcase classname="tests.backend_test.TestPlantsPopular" name="test_popular_valid_json" time="0.050" /><testcase classname="tests.test_admet.TestHealthAdmetReady" name="test_health_has_admet_ready_bool" time="0.131" /><testcase classname="tests.test_admet.TestAdmetNoSmilesRow" name="test_row_without_smiles_marked_no_smiles" time="1.638" /><testcase classname="tests.backend_test.TestStandardizeDuplicate" name="test_duplicate_second_curcumin" time="1.633" /><testcase classname="tests.test_assistant.TestConfig" name="test_env_has_groq" time="0.099" /><testcase classname="tests.test_assistant.TestRunsList" name="test_admin_list_runs" time="0.372" /><testcase classname="tests.test_docking_viz" name="test_docking_generates_all_visualization_artifacts" time="11.429" /><testcase classname="tests.backend_test.TestStandardizeShortCircuit" name="test_prepopulated_row_short_circuits_pubchem" time="0.845" /><testcase classname="tests.test_docking_pose" name="test_pose_download_pdbqt_and_pdb" time="11.737" /><testcase classname="tests.test_iter28_features.TestDockingSSE" name="test_docking_run_stream" time="6.054" /><testcase classname="tests.test_iter29_refactor.TestAssistantDocxRegression" name="test_assistant_docx_bad_id_is_not_kwarg_500" time="0.388" /><testcase classname="tests.test_target_disease.TestDiseaseSearch" name="test_search_diabetes_returns_hits" time="0.383" /><testcase classname="tests.test_iter29_refactor.TestDockingRoutes" name="test_pdb_candidates" time="0.455" /><testcase classname="tests.test_target_disease.TestDiseaseTargets" name="test_t2dm_targets" time="0.133" /></testsuite></testsuites>