<?xml version="1.0" encoding="utf-8"?><testsuites name="pytest tests"><testsuite name="pytest" errors="0" failures="0" skipped="0" tests="6" time="1.548" timestamp="2026-07-14T02:15:42.743531+00:00" hostname="agent-env-9d995150-1135-4ada-a6b3-bd790eddaba8"><testcase classname="tests.test_projects_and_engines" name="test_projects_crud_full_lifecycle" time="0.657" /><testcase classname="tests.test_projects_and_engines" name="test_autosave_upsert_and_get" time="0.419" /><testcase classname="tests.test_projects_and_engines" name="test_projects_require_auth" time="0.042" /><testcase classname="tests.test_projects_and_engines" name="test_md_engines_endpoint" time="0.021" /><testcase classname="tests.test_projects_and_engines" name="test_md_build_local_engine_produces_extra_files" time="0.023" /><testcase classname="tests.test_projects_and_engines" name="test_md_build_hpc_engine_produces_sbatch" time="0.022" /></testsuite></testsuites>