<?xml version="1.0" encoding="utf-8"?><testsuites name="pytest tests"><testsuite name="pytest" errors="0" failures="0" skipped="0" tests="14" time="2.609" timestamp="2026-08-04T16:02:34.677489+00:00" hostname="agent-env-9d995150-1135-4ada-a6b3-bd790eddaba8"><testcase classname="tests.test_contact.TestPublicContact" name="test_submit_valid" time="0.460" /><testcase classname="tests.test_contact.TestPublicContact" name="test_invalid_email" time="0.169" /><testcase classname="tests.test_contact.TestAdminContact" name="test_summary" time="0.661" /><testcase classname="tests.test_contact.TestPublicContact" name="test_missing_fields" time="0.111" /><testcase classname="tests.test_contact.TestAdminContact" name="test_list_messages" time="0.217" /><testcase classname="tests.test_contact.TestPublicContact" name="test_no_auth_required" time="0.152" /><testcase classname="tests.test_contact.TestAdminContact" name="test_list_filter_and_search" time="0.081" /><testcase classname="tests.test_contact.TestAdminAuthGuard" name="test_summary_unauth" time="1.186" /><testcase classname="tests.test_contact.TestAdminContact" name="test_get_auto_flip_new_to_read" time="0.094" /><testcase classname="tests.test_contact.TestAdminContact" name="test_patch_status_replied_and_notes" time="0.177" /><testcase classname="tests.test_contact.TestAdminContact" name="test_patch_empty_body_returns_400" time="0.083" /><testcase classname="tests.test_contact.TestAdminContact" name="test_delete_message" time="0.240" /><testcase classname="tests.test_contact.TestAdminContact" name="test_get_invalid_id" time="0.078" /><testcase classname="tests.test_contact.TestAdminAuthGuard" name="test_messages_unauth" time="0.178" /></testsuite></testsuites>