<?xml version="1.0" encoding="utf-8"?><testsuites name="pytest tests"><testsuite name="pytest" errors="0" failures="0" skipped="0" tests="22" time="12.261" timestamp="2026-07-14T20:32:28.022522+00:00" hostname="agent-env-9d995150-1135-4ada-a6b3-bd790eddaba8"><testcase classname="tests.test_iter29_refactor.TestMDRoutes" name="test_deps_status" time="0.216" /><testcase classname="tests.test_iter29_refactor.TestMDRoutes" name="test_md_engines" time="0.115" /><testcase classname="tests.test_iter29_refactor.TestMDRoutes" name="test_md_estimate_default" time="0.103" /><testcase classname="tests.test_iter29_refactor.TestNetworkRoutes" name="test_ppi_network" time="0.385" /><testcase classname="tests.test_iter29_refactor.TestNetworkRoutes" name="test_kegg_enrich" time="0.378" /><testcase classname="tests.test_iter29_refactor.TestNetworkRoutes" name="test_go_enrich" time="1.022" /><testcase classname="tests.test_iter29_refactor.TestDiseaseRoutes" name="test_disease_search" time="0.287" /><testcase classname="tests.test_iter29_refactor.TestDiseaseRoutes" name="test_disease_targets_and_cache" time="0.314" /><testcase classname="tests.test_iter29_refactor.TestDockingRoutes" name="test_pdb_candidates" time="0.446" /><testcase classname="tests.test_iter29_refactor.TestReportRoutes" name="test_report_download_404" time="2.388" /><testcase classname="tests.test_iter29_refactor.TestReportRoutes" name="test_report_download_md" time="0.002" /><testcase classname="tests.test_iter29_refactor.TestReportRoutes" name="test_report_download_html" time="0.018" /><testcase classname="tests.test_iter29_refactor.TestReportRoutes" name="test_report_download_docx" time="0.047" /><testcase classname="tests.test_iter29_refactor.TestReportRoutes" name="test_report_download_pdf" time="0.027" /><testcase classname="tests.test_iter29_refactor.TestReportRoutes" name="test_report_download_bad_fmt" time="0.002" /><testcase classname="tests.test_iter29_refactor.TestReportRoutes" name="test_report_generate_route_exists_live" time="5.091" /><testcase classname="tests.test_iter29_refactor.TestAssistantDocxRegression" name="test_assistant_docx_bad_id_is_not_kwarg_500" time="0.440" /><testcase classname="tests.test_iter29_refactor.TestRegressionMainRouter" name="test_health" time="0.125" /><testcase classname="tests.test_iter29_refactor.TestRegressionMainRouter" name="test_plants_popular" time="0.126" /><testcase classname="tests.test_iter29_refactor.TestRegressionMainRouter" name="test_plants_autocomplete" time="0.101" /><testcase classname="tests.test_iter29_refactor.TestRegressionMainRouter" name="test_plant_search" time="0.124" /><testcase classname="tests.test_iter29_refactor.TestRegressionMainRouter" name="test_auth_login_and_me" time="0.442" /></testsuite></testsuites>