<?xml version="1.0" encoding="utf-8"?><testsuites name="pytest tests"><testsuite name="pytest" errors="0" failures="0" skipped="0" tests="5" time="5.913" timestamp="2026-07-13T21:19:45.425489+00:00" hostname="agent-env-9d995150-1135-4ada-a6b3-bd790eddaba8"><testcase classname="tests.test_report" name="test_report_download_404_for_unknown_id" time="0.487" /><testcase classname="tests.test_auth" name="test_admin_login_returns_user_profile" time="0.491" /><testcase classname="tests.test_report" name="test_report_generate_route_returns_500_or_200_not_404" time="5.084" /><testcase classname="tests.test_auth" name="test_register_creates_user_and_verifies_verification_token" time="0.426" /><testcase classname="tests.test_auth" name="test_login_wrong_password_returns_401" time="0.366" /></testsuite></testsuites>