<?xml version="1.0" encoding="utf-8"?><testsuites name="pytest tests"><testsuite name="pytest" errors="0" failures="0" skipped="0" tests="4" time="42.343" timestamp="2026-08-06T07:12:24.623909+00:00" hostname="agent-env-9d995150-1135-4ada-a6b3-bd790eddaba8"><testcase classname="tests.test_iter43_retry_step" name="test_create_project_and_ask_aspirin" time="25.565" /><testcase classname="tests.test_iter43_retry_step" name="test_retry_endpoint_response_shape" time="16.563" /><testcase classname="tests.test_iter43_retry_step" name="test_retry_bad_step_id_404" time="0.054" /><testcase classname="tests.test_iter43_retry_step" name="test_retry_bad_run_id_404" time="0.109" /></testsuite></testsuites>