<?xml version="1.0" encoding="utf-8"?><testsuites name="pytest tests"><testsuite name="pytest" errors="0" failures="0" skipped="0" tests="6" time="5.236" timestamp="2026-07-12T20:08:04.149542+00:00" hostname="agent-env-9d995150-1135-4ada-a6b3-bd790eddaba8"><testcase classname="tests.test_admet.TestHealthAdmetReady" name="test_health_has_admet_ready_bool" time="0.178" /><testcase classname="tests.test_admet.TestAdmetPredictHappyPath" name="test_predict_two_compounds_and_status_done" time="1.632" /><testcase classname="tests.test_admet.TestAdmetPredictHappyPath" name="test_aspirin_druglikeness_flags" time="1.626" /><testcase classname="tests.test_admet.TestAdmetEmptyAnd404" name="test_predict_empty_returns_null_job" time="0.041" /><testcase classname="tests.test_admet.TestAdmetEmptyAnd404" name="test_status_unknown_job_404" time="0.066" /><testcase classname="tests.test_admet.TestAdmetNoSmilesRow" name="test_row_without_smiles_marked_no_smiles" time="1.641" /></testsuite></testsuites>