<?xml version="1.0" encoding="utf-8"?><testsuites name="pytest tests"><testsuite name="pytest" errors="0" failures="0" skipped="0" tests="12" time="15.884" timestamp="2026-07-14T18:47:00.612666+00:00" hostname="agent-env-9d995150-1135-4ada-a6b3-bd790eddaba8"><testcase classname="tests.test_assistant_workflow.TestAssistantWorkflowRealData" name="test_run_completes_or_progresses" time="15.759" /><testcase classname="tests.test_assistant_workflow.TestAssistantWorkflowRealData" name="test_compounds_populated" time="0.000" /><testcase classname="tests.test_assistant_workflow.TestAssistantWorkflowRealData" name="test_admet_populated" time="0.000" /><testcase classname="tests.test_assistant_workflow.TestAssistantWorkflowRealData" name="test_target_prediction_stage_ran" time="0.000" /><testcase classname="tests.test_assistant_workflow.TestAssistantWorkflowRealData" name="test_disease_targets_populated_with_efo" time="0.000" /><testcase classname="tests.test_assistant_workflow.TestAssistantWorkflowRealData" name="test_intersection_stage_has_all_keys" time="0.000" /><testcase classname="tests.test_assistant_workflow.TestAssistantWorkflowRealData" name="test_ppi_stage_has_keys" time="0.000" /><testcase classname="tests.test_assistant_workflow.TestAssistantWorkflowRealData" name="test_go_kegg_stage_has_keys" time="0.000" /><testcase classname="tests.test_assistant_workflow.TestAssistantWorkflowRealData" name="test_docking_skipped" time="0.000" /><testcase classname="tests.test_assistant_workflow.TestAssistantWorkflowRealData" name="test_report_generated" time="0.000" /><testcase classname="tests.test_assistant_workflow.TestAssistantWorkflowRealData" name="test_report_uses_groq" time="0.000" /><testcase classname="tests.test_assistant_workflow.TestAssistantWorkflowRealData" name="test_report_download_md" time="0.075" /></testsuite></testsuites>