<?xml version="1.0" encoding="utf-8"?><testsuites name="pytest tests"><testsuite name="pytest" errors="0" failures="0" skipped="0" tests="4" time="23.386" timestamp="2026-07-14T09:42:13.465218+00:00" hostname="agent-env-9d995150-1135-4ada-a6b3-bd790eddaba8"><testcase classname="tests.test_docking_md" name="test_pdb_candidates_returns_scored_list" time="1.496" /><testcase classname="tests.test_docking_md" name="test_docking_run_aspirin_ptgs1" time="18.446" /><testcase classname="tests.test_docking_md" name="test_md_estimate_scales_with_production_ns" time="0.338" /><testcase classname="tests.test_docking_md" name="test_md_build_returns_zip_with_all_files" time="0.341" /></testsuite></testsuites>