<?xml version="1.0" encoding="utf-8"?><testsuites name="pytest tests"><testsuite name="pytest" errors="0" failures="0" skipped="0" tests="14" time="17.848" timestamp="2026-07-09T19:37:58.196992+00:00" hostname="agent-env-9d995150-1135-4ada-a6b3-bd790eddaba8"><testcase classname="tests.backend_test.TestPlantSearch" name="test_plant_search_curcuma_longa" time="10.384" /><testcase classname="tests.backend_test.TestPlantsAutocomplete" name="test_empty_query_returns_seeded_matches" time="0.282" /><testcase classname="tests.backend_test.TestPlantsAutocomplete" name="test_prefix_cur_matches_curcuma" time="0.057" /><testcase classname="tests.backend_test.TestPlantsAutocomplete" name="test_prefix_withan_matches_withania" time="0.050" /><testcase classname="tests.backend_test.TestPlantSearchCache" name="test_curcuma_longa_cached_second_call" time="7.213" /><testcase classname="tests.backend_test.TestPlantSearchCache" name="test_search_indexes_plant_into_autocomplete" time="0.106" /><testcase classname="tests.backend_test.TestHealth" name="test_health_ok" time="0.052" /><testcase classname="tests.backend_test.TestLotusSimple" name="test_simple_curcumin" time="0.858" /><testcase classname="tests.backend_test.TestLotusSubstructure" name="test_substructure_phenol" time="7.889" /><testcase classname="tests.backend_test.TestPlantSearch" name="test_plant_search_missing_param_422" time="0.044" /><testcase classname="tests.backend_test.TestLotusExact" name="test_exact_smiles_curcumin" time="0.830" /><testcase classname="tests.backend_test.TestLotusExact" name="test_exact_invalid_type_422" time="0.044" /><testcase classname="tests.backend_test.TestLotusMolweight" name="test_molweight_range" time="0.743" /><testcase classname="tests.backend_test.TestPlantsPopular" name="test_popular_valid_json" time="0.061" /></testsuite></testsuites>