<?xml version="1.0" encoding="utf-8"?><testsuites name="pytest tests"><testsuite name="pytest" errors="0" failures="0" skipped="0" tests="83" time="43.191" timestamp="2026-07-14T18:24:59.433497+00:00" hostname="agent-env-9d995150-1135-4ada-a6b3-bd790eddaba8"><testcase classname="tests.test_projects_and_engines" name="test_projects_crud_full_lifecycle" time="0.699" /><testcase classname="tests.backend_test.TestPlantSearchDedup" name="test_curcuma_no_duplicate_inchikey_skeleton" time="0.314" /><testcase classname="tests.backend_test.TestPlantSearchDedup" name="test_curcuma_no_duplicate_compound_name" time="0.000" /><testcase classname="tests.backend_test.TestPlantSearchDedup" name="test_curcuma_merged_size_less_than_sum" time="0.000" /><testcase classname="tests.backend_test.TestPlantSearchDedup" name="test_curcuma_has_cross_source_merged_row" time="0.000" /><testcase classname="tests.backend_test.TestPlantSearchDedup" name="test_curcuma_merge_backfills_missing_fields" time="0.000" /><testcase classname="tests.backend_test.TestPlantSearchDedup" name="test_withania_no_duplicate_inchikey_skeleton" time="0.069" /><testcase classname="tests.backend_test.TestPlantSearchDedup" name="test_withania_no_duplicate_compound_name" time="0.001" /><testcase classname="tests.backend_test.TestLCMSEnrich" name="test_enrich_happy_path_with_missing" time="0.832" /><testcase classname="tests.test_projects_and_engines" name="test_autosave_upsert_and_get" time="0.424" /><testcase classname="tests.test_projects_and_engines" name="test_projects_require_auth" time="0.042" /><testcase classname="tests.test_projects_and_engines" name="test_md_engines_endpoint" time="0.022" /><testcase classname="tests.test_projects_and_engines" name="test_md_build_local_engine_produces_extra_files" time="0.027" /><testcase classname="tests.test_projects_and_engines" name="test_md_build_hpc_engine_produces_sbatch" time="0.025" /><testcase classname="tests.backend_test.TestLCMSEnrich" name="test_enrich_preserves_uploaded_values" time="0.352" /><testcase classname="tests.test_iter20_extras" name="test_md_engines_have_options_schema" time="0.040" /><testcase classname="tests.test_iter20_extras" name="test_md_build_cloud_engine_aws_produces_dispatch_and_readme" time="0.023" /><testcase classname="tests.test_iter20_extras" name="test_project_restore_version_reverts_state" time="0.515" /><testcase classname="tests.backend_test.TestLCMSEnrich" name="test_enrich_empty_compounds" time="0.051" /><testcase classname="tests.backend_test.TestLCMSEnrich" name="test_enrich_missing_name_row" time="0.077" /><testcase classname="tests.backend_test.TestLCMSEnrich" name="test_enrich_no_body_returns_422" time="0.049" /><testcase classname="tests.test_network" name="test_ppi_network" time="2.044" /><testcase classname="tests.test_iter20_extras" name="test_register_returns_email_provider_field" time="1.151" /><testcase classname="tests.test_iter20_extras" name="test_resend_verification_public_flow" time="0.745" /><testcase classname="tests.test_network" name="test_kegg_enrich" time="0.660" /><testcase classname="tests.test_assistant.TestAdminRun" name="test_admin_run_starts" time="0.580" /><testcase classname="tests.test_assistant.TestAdminRun" name="test_admin_status_endpoint" time="0.058" /><testcase classname="tests.test_assistant.TestAdminRun" name="test_admin_status_invalid_id" time="0.062" /><testcase classname="tests.test_assistant.TestAdminRun" name="test_admin_run_unlimited" time="0.118" /><testcase classname="tests.test_network" name="test_go_enrich_all_ontologies" time="1.333" /><testcase classname="tests.backend_test.TestPlantsAutocomplete" name="test_empty_query_returns_seeded_matches" time="0.113" /><testcase classname="tests.backend_test.TestPlantsAutocomplete" name="test_prefix_cur_matches_curcuma" time="0.052" /><testcase classname="tests.backend_test.TestPlantsAutocomplete" name="test_prefix_withan_matches_withania" time="0.049" /><testcase classname="tests.backend_test.TestStandardizeStartAndStatus" name="test_start_and_status_4_compounds" time="2.341" /><testcase classname="tests.test_network" name="test_go_enrich_has_fold_enrichment_gene_ratio_rich_factor" time="1.034" /><testcase classname="tests.test_network" name="test_go_enrich_accepts_correction_and_threshold_params" time="0.886" /><testcase classname="tests.backend_test.TestStandardizeStartAndStatus" name="test_empty_compounds_returns_null_job" time="0.046" /><testcase classname="tests.backend_test.TestStandardizeStartAndStatus" name="test_status_unknown_job_returns_404" time="0.046" /><testcase classname="tests.test_assistant.TestFreeTierGating" name="test_first_run_succeeds" time="0.420" /><testcase classname="tests.test_assistant.TestFreeTierGating" name="test_eligibility_after_first_run" time="0.051" /><testcase classname="tests.test_assistant.TestFreeTierGating" name="test_second_run_is_402" time="0.057" /><testcase classname="tests.test_auth" name="test_admin_login_returns_user_profile" time="0.248" /><testcase classname="tests.test_auth" name="test_register_creates_user_and_verifies_verification_token" time="0.500" /><testcase classname="tests.test_assistant.TestEligibility" name="test_eligibility_admin" time="0.733" /><testcase classname="tests.test_auth" name="test_login_wrong_password_returns_401" time="0.248" /><testcase classname="tests.backend_test.TestPlantSearch" name="test_plant_search_curcuma_longa" time="0.243" /><testcase classname="tests.backend_test.TestPlantSearch" name="test_plant_search_missing_param_422" time="0.057" /><testcase classname="tests.test_assistant.TestEligibility" name="test_eligibility_fresh_user" time="0.636" /><testcase classname="tests.backend_test.TestLotusDedup" name="test_lotus_simple_curcumin_no_inchikey_duplicates" time="0.868" /><testcase classname="tests.test_assistant.TestEligibility" name="test_eligibility_unauthenticated" time="0.123" /><testcase classname="tests.backend_test.TestLotusExact" name="test_exact_smiles_curcumin" time="0.918" /><testcase classname="tests.backend_test.TestLotusDedup" name="test_lotus_molweight_no_inchikey_duplicates" time="1.147" /><testcase classname="tests.backend_test.TestLotusExact" name="test_exact_invalid_type_422" time="0.046" /><testcase classname="tests.backend_test.TestStandardizeManualReview" name="test_bogus_compound_manual_review" time="1.596" /><testcase classname="tests.backend_test.TestPlantSearchCache" name="test_curcuma_longa_cached_second_call" time="0.097" /><testcase classname="tests.backend_test.TestPlantSearchCache" name="test_search_indexes_plant_into_autocomplete" time="0.114" /><testcase classname="tests.test_admet.TestAdmetEmptyAnd404" name="test_predict_empty_returns_null_job" time="0.107" /><testcase classname="tests.test_admet.TestAdmetEmptyAnd404" name="test_status_unknown_job_404" time="0.050" /><testcase classname="tests.test_assistant.TestRegression" name="test_public_endpoint_alive[/deps/status]" time="0.117" /><testcase classname="tests.test_assistant.TestRegression" name="test_public_endpoint_alive[/md/engines]" time="0.118" /><testcase classname="tests.test_report" name="test_report_download_404_for_unknown_id" time="0.022" /><testcase classname="tests.test_report" name="test_report_generate_route_returns_500_or_200_not_404" time="5.025" /><testcase classname="tests.backend_test.TestStandardizeManualReview" name="test_empty_name_manual_review" time="0.101" /><testcase classname="tests.test_admet.TestAdmetPredictHappyPath" name="test_predict_two_compounds_and_status_done" time="1.733" /><testcase classname="tests.test_admet.TestAdmetPredictHappyPath" name="test_aspirin_druglikeness_flags" time="1.659" /><testcase classname="tests.backend_test.TestHealth" name="test_health_ok" time="0.133" /><testcase classname="tests.backend_test.TestLotusSimple" name="test_simple_curcumin" time="0.874" /><testcase classname="tests.backend_test.TestLotusSubstructure" name="test_substructure_phenol" time="8.099" /><testcase classname="tests.test_target_disease.TestTargetPredict" name="test_predict_curcumin" time="3.210" /><testcase classname="tests.test_target_disease.TestTargetPredict" name="test_status_unknown_job_404" time="0.051" /><testcase classname="tests.backend_test.TestStandardizeIdentifiers" name="test_curcumin_full_identifiers" time="1.697" /><testcase classname="tests.backend_test.TestStandardizeSynonymResolution" name="test_vitamin_c_resolves" time="4.745" /><testcase classname="tests.backend_test.TestLotusMolweight" name="test_molweight_range" time="0.734" /><testcase classname="tests.backend_test.TestPlantsPopular" name="test_popular_valid_json" time="0.057" /><testcase classname="tests.test_admet.TestHealthAdmetReady" name="test_health_has_admet_ready_bool" time="0.248" /><testcase classname="tests.test_admet.TestAdmetNoSmilesRow" name="test_row_without_smiles_marked_no_smiles" time="1.712" /><testcase classname="tests.backend_test.TestStandardizeDuplicate" name="test_duplicate_second_curcumin" time="2.401" /><testcase classname="tests.test_assistant.TestConfig" name="test_env_has_groq" time="0.122" /><testcase classname="tests.test_assistant.TestRunsList" name="test_admin_list_runs" time="0.397" /><testcase classname="tests.test_target_disease.TestDiseaseSearch" name="test_search_diabetes_returns_hits" time="0.437" /><testcase classname="tests.test_target_disease.TestDiseaseTargets" name="test_t2dm_targets" time="0.081" /><testcase classname="tests.backend_test.TestStandardizeShortCircuit" name="test_prepopulated_row_short_circuits_pubchem" time="1.674" /><testcase classname="tests.test_docking_pose" name="test_pose_download_pdbqt_and_pdb" time="12.255" /></testsuite></testsuites>