<?xml version="1.0" encoding="utf-8"?><testsuites name="pytest tests"><testsuite name="pytest" errors="0" failures="0" skipped="0" tests="28" time="11.320" timestamp="2026-07-12T18:54:57.896556+00:00" hostname="agent-env-9d995150-1135-4ada-a6b3-bd790eddaba8"><testcase classname="tests.backend_test.TestLCMSEnrich" name="test_enrich_happy_path_with_missing" time="1.097" /><testcase classname="tests.backend_test.TestPlantSearchDedup" name="test_curcuma_no_duplicate_inchikey_skeleton" time="0.181" /><testcase classname="tests.backend_test.TestPlantSearchDedup" name="test_curcuma_no_duplicate_compound_name" time="0.000" /><testcase classname="tests.backend_test.TestPlantSearchDedup" name="test_curcuma_merged_size_less_than_sum" time="0.000" /><testcase classname="tests.backend_test.TestPlantSearchDedup" name="test_curcuma_has_cross_source_merged_row" time="0.000" /><testcase classname="tests.backend_test.TestPlantSearchDedup" name="test_curcuma_merge_backfills_missing_fields" time="0.000" /><testcase classname="tests.backend_test.TestPlantSearchDedup" name="test_withania_no_duplicate_inchikey_skeleton" time="0.062" /><testcase classname="tests.backend_test.TestPlantSearchDedup" name="test_withania_no_duplicate_compound_name" time="0.000" /><testcase classname="tests.backend_test.TestPlantsAutocomplete" name="test_empty_query_returns_seeded_matches" time="0.054" /><testcase classname="tests.backend_test.TestPlantsAutocomplete" name="test_prefix_cur_matches_curcuma" time="0.064" /><testcase classname="tests.backend_test.TestPlantsAutocomplete" name="test_prefix_withan_matches_withania" time="0.050" /><testcase classname="tests.backend_test.TestPlantSearch" name="test_plant_search_curcuma_longa" time="0.049" /><testcase classname="tests.backend_test.TestPlantSearch" name="test_plant_search_missing_param_422" time="0.045" /><testcase classname="tests.backend_test.TestLotusExact" name="test_exact_smiles_curcumin" time="1.196" /><testcase classname="tests.backend_test.TestLCMSEnrich" name="test_enrich_preserves_uploaded_values" time="0.277" /><testcase classname="tests.backend_test.TestLCMSEnrich" name="test_enrich_empty_compounds" time="0.059" /><testcase classname="tests.backend_test.TestLCMSEnrich" name="test_enrich_missing_name_row" time="0.127" /><testcase classname="tests.backend_test.TestLCMSEnrich" name="test_enrich_no_body_returns_422" time="0.147" /><testcase classname="tests.backend_test.TestLotusExact" name="test_exact_invalid_type_422" time="0.048" /><testcase classname="tests.backend_test.TestPlantSearchCache" name="test_curcuma_longa_cached_second_call" time="0.091" /><testcase classname="tests.backend_test.TestLotusDedup" name="test_lotus_simple_curcumin_no_inchikey_duplicates" time="0.868" /><testcase classname="tests.backend_test.TestPlantSearchCache" name="test_search_indexes_plant_into_autocomplete" time="0.091" /><testcase classname="tests.backend_test.TestHealth" name="test_health_ok" time="0.045" /><testcase classname="tests.backend_test.TestLotusSubstructure" name="test_substructure_phenol" time="7.887" /><testcase classname="tests.backend_test.TestLotusDedup" name="test_lotus_molweight_no_inchikey_duplicates" time="1.061" /><testcase classname="tests.backend_test.TestLotusSimple" name="test_simple_curcumin" time="0.835" /><testcase classname="tests.backend_test.TestLotusMolweight" name="test_molweight_range" time="0.722" /><testcase classname="tests.backend_test.TestPlantsPopular" name="test_popular_valid_json" time="0.047" /></testsuite></testsuites>