<?xml version="1.0" encoding="utf-8"?><testsuites name="pytest tests"><testsuite name="pytest" errors="0" failures="0" skipped="3" tests="26" time="364.239" timestamp="2026-07-14T18:56:09.181276+00:00" hostname="agent-env-9d995150-1135-4ada-a6b3-bd790eddaba8"><testcase classname="tests.test_assistant.TestAdminRun" name="test_admin_run_starts" time="0.682" /><testcase classname="tests.test_assistant.TestAdminRun" name="test_admin_status_endpoint" time="0.059" /><testcase classname="tests.test_assistant.TestAdminRun" name="test_admin_status_invalid_id" time="0.059" /><testcase classname="tests.test_assistant.TestAdminRun" name="test_admin_run_unlimited" time="0.067" /><testcase classname="tests.test_assistant.TestEligibility" name="test_eligibility_admin" time="0.053" /><testcase classname="tests.test_assistant.TestEligibility" name="test_eligibility_fresh_user" time="0.448" /><testcase classname="tests.test_assistant.TestEligibility" name="test_eligibility_unauthenticated" time="0.191" /><testcase classname="tests.test_assistant.TestFreeTierGating" name="test_first_run_succeeds" time="0.054" /><testcase classname="tests.test_assistant.TestFreeTierGating" name="test_eligibility_after_first_run" time="0.056" /><testcase classname="tests.test_assistant.TestFreeTierGating" name="test_second_run_is_402" time="0.050" /><testcase classname="tests.test_assistant.TestRegression" name="test_public_endpoint_alive[/deps/status]" time="0.146" /><testcase classname="tests.test_assistant.TestRegression" name="test_public_endpoint_alive[/md/engines]" time="0.164" /><testcase classname="tests.test_assistant.TestConfig" name="test_env_has_groq" time="0.109" /><testcase classname="tests.test_assistant.TestRunsList" name="test_admin_list_runs" time="0.078" /><testcase classname="tests.test_assistant_workflow.TestAssistantWorkflowRealData" name="test_run_completes_or_progresses" time="363.648" /><testcase classname="tests.test_assistant_workflow.TestAssistantWorkflowRealData" name="test_compounds_populated" time="0.000" /><testcase classname="tests.test_assistant_workflow.TestAssistantWorkflowRealData" name="test_admet_populated" time="0.000" /><testcase classname="tests.test_assistant_workflow.TestAssistantWorkflowRealData" name="test_target_prediction_stage_ran" time="0.000" /><testcase classname="tests.test_assistant_workflow.TestAssistantWorkflowRealData" name="test_disease_targets_populated_with_efo" time="0.000" /><testcase classname="tests.test_assistant_workflow.TestAssistantWorkflowRealData" name="test_intersection_stage_has_all_keys" time="0.000" /><testcase classname="tests.test_assistant_workflow.TestAssistantWorkflowRealData" name="test_ppi_stage_has_keys" time="0.007" /><testcase classname="tests.test_assistant_workflow.TestAssistantWorkflowRealData" name="test_go_kegg_stage_has_keys" time="0.000" /><testcase classname="tests.test_assistant_workflow.TestAssistantWorkflowRealData" name="test_docking_skipped" time="0.000" /><testcase classname="tests.test_assistant_workflow.TestAssistantWorkflowRealData" name="test_report_generated" time="0.000"><skipped type="pytest.skip" message="workflow did not finish within budget: status=running">/app/backend/tests/test_assistant_workflow.py:135: workflow did not finish within budget: status=running</skipped></testcase><testcase classname="tests.test_assistant_workflow.TestAssistantWorkflowRealData" name="test_report_uses_groq" time="0.000"><skipped type="pytest.skip" message="workflow did not finish; report model not available yet">/app/backend/tests/test_assistant_workflow.py:143: workflow did not finish; report model not available yet</skipped></testcase><testcase classname="tests.test_assistant_workflow.TestAssistantWorkflowRealData" name="test_report_download_md" time="0.000"><skipped type="pytest.skip" message="workflow did not finish">/app/backend/tests/test_assistant_workflow.py:153: workflow did not finish</skipped></testcase></testsuite></testsuites>