<?xml version="1.0" encoding="utf-8"?><testsuites name="pytest tests"><testsuite name="pytest" errors="0" failures="0" skipped="0" tests="13" time="12.354" timestamp="2026-07-14T09:56:05.977038+00:00" hostname="agent-env-9d995150-1135-4ada-a6b3-bd790eddaba8"><testcase classname="tests.test_docking_md" name="test_pdb_candidates_returns_scored_list" time="0.584" /><testcase classname="tests.test_projects_and_engines" name="test_projects_crud_full_lifecycle" time="0.669" /><testcase classname="tests.test_docking_md" name="test_docking_run_aspirin_ptgs1" time="11.228" /><testcase classname="tests.test_projects_and_engines" name="test_autosave_upsert_and_get" time="0.613" /><testcase classname="tests.test_projects_and_engines" name="test_projects_require_auth" time="0.041" /><testcase classname="tests.test_projects_and_engines" name="test_md_engines_endpoint" time="0.021" /><testcase classname="tests.test_projects_and_engines" name="test_md_build_local_engine_produces_extra_files" time="0.025" /><testcase classname="tests.test_projects_and_engines" name="test_md_build_hpc_engine_produces_sbatch" time="0.022" /><testcase classname="tests.test_auth" name="test_admin_login_returns_user_profile" time="0.247" /><testcase classname="tests.test_auth" name="test_register_creates_user_and_verifies_verification_token" time="0.289" /><testcase classname="tests.test_auth" name="test_login_wrong_password_returns_401" time="0.244" /><testcase classname="tests.test_docking_md" name="test_md_estimate_scales_with_production_ns" time="0.043" /><testcase classname="tests.test_docking_md" name="test_md_build_returns_zip_with_all_files" time="0.168" /></testsuite></testsuites>