<?xml version="1.0" encoding="utf-8"?><testsuites name="pytest tests"><testsuite name="pytest" errors="0" failures="0" skipped="0" tests="26" time="18.067" timestamp="2026-07-14T18:51:30.956891+00:00" hostname="agent-env-9d995150-1135-4ada-a6b3-bd790eddaba8"><testcase classname="tests.test_assistant.TestAdminRun" name="test_admin_run_starts" time="1.957" /><testcase classname="tests.test_assistant.TestAdminRun" name="test_admin_status_endpoint" time="0.200" /><testcase classname="tests.test_assistant.TestAdminRun" name="test_admin_status_invalid_id" time="0.100" /><testcase classname="tests.test_assistant.TestAdminRun" name="test_admin_run_unlimited" time="0.120" /><testcase classname="tests.test_assistant.TestEligibility" name="test_eligibility_admin" time="0.216" /><testcase classname="tests.test_assistant.TestEligibility" name="test_eligibility_fresh_user" time="0.986" /><testcase classname="tests.test_assistant.TestEligibility" name="test_eligibility_unauthenticated" time="0.114" /><testcase classname="tests.test_assistant.TestFreeTierGating" name="test_first_run_succeeds" time="0.074" /><testcase classname="tests.test_assistant.TestFreeTierGating" name="test_eligibility_after_first_run" time="0.078" /><testcase classname="tests.test_assistant.TestFreeTierGating" name="test_second_run_is_402" time="0.059" /><testcase classname="tests.test_assistant.TestRegression" name="test_public_endpoint_alive[/deps/status]" time="0.114" /><testcase classname="tests.test_assistant.TestRegression" name="test_public_endpoint_alive[/md/engines]" time="0.170" /><testcase classname="tests.test_assistant.TestConfig" name="test_env_has_groq" time="0.397" /><testcase classname="tests.test_assistant.TestRunsList" name="test_admin_list_runs" time="0.209" /><testcase classname="tests.test_assistant_workflow.TestAssistantWorkflowRealData" name="test_run_completes_or_progresses" time="17.545" /><testcase classname="tests.test_assistant_workflow.TestAssistantWorkflowRealData" name="test_compounds_populated" time="0.000" /><testcase classname="tests.test_assistant_workflow.TestAssistantWorkflowRealData" name="test_admet_populated" time="0.000" /><testcase classname="tests.test_assistant_workflow.TestAssistantWorkflowRealData" name="test_target_prediction_stage_ran" time="0.000" /><testcase classname="tests.test_assistant_workflow.TestAssistantWorkflowRealData" name="test_disease_targets_populated_with_efo" time="0.000" /><testcase classname="tests.test_assistant_workflow.TestAssistantWorkflowRealData" name="test_intersection_stage_has_all_keys" time="0.000" /><testcase classname="tests.test_assistant_workflow.TestAssistantWorkflowRealData" name="test_ppi_stage_has_keys" time="0.000" /><testcase classname="tests.test_assistant_workflow.TestAssistantWorkflowRealData" name="test_go_kegg_stage_has_keys" time="0.000" /><testcase classname="tests.test_assistant_workflow.TestAssistantWorkflowRealData" name="test_docking_skipped" time="0.000" /><testcase classname="tests.test_assistant_workflow.TestAssistantWorkflowRealData" name="test_report_generated" time="0.000" /><testcase classname="tests.test_assistant_workflow.TestAssistantWorkflowRealData" name="test_report_uses_groq" time="0.000" /><testcase classname="tests.test_assistant_workflow.TestAssistantWorkflowRealData" name="test_report_download_md" time="0.084" /></testsuite></testsuites>