<?xml version="1.0" encoding="utf-8"?><testsuites name="pytest tests"><testsuite name="pytest" errors="0" failures="0" skipped="0" tests="14" time="1.836" timestamp="2026-07-14T18:36:50.005531+00:00" hostname="agent-env-9d995150-1135-4ada-a6b3-bd790eddaba8"><testcase classname="tests.test_assistant.TestEligibility" name="test_eligibility_admin" time="0.609" /><testcase classname="tests.test_assistant.TestAdminRun" name="test_admin_run_starts" time="0.636" /><testcase classname="tests.test_assistant.TestAdminRun" name="test_admin_status_endpoint" time="0.060" /><testcase classname="tests.test_assistant.TestAdminRun" name="test_admin_status_invalid_id" time="0.059" /><testcase classname="tests.test_assistant.TestAdminRun" name="test_admin_run_unlimited" time="0.247" /><testcase classname="tests.test_assistant.TestRegression" name="test_public_endpoint_alive[/deps/status]" time="0.132" /><testcase classname="tests.test_assistant.TestEligibility" name="test_eligibility_fresh_user" time="0.487" /><testcase classname="tests.test_assistant.TestEligibility" name="test_eligibility_unauthenticated" time="0.157" /><testcase classname="tests.test_assistant.TestRegression" name="test_public_endpoint_alive[/md/engines]" time="0.119" /><testcase classname="tests.test_assistant.TestFreeTierGating" name="test_first_run_succeeds" time="0.053" /><testcase classname="tests.test_assistant.TestConfig" name="test_env_has_groq" time="0.104" /><testcase classname="tests.test_assistant.TestFreeTierGating" name="test_eligibility_after_first_run" time="0.056" /><testcase classname="tests.test_assistant.TestFreeTierGating" name="test_second_run_is_402" time="0.111" /><testcase classname="tests.test_assistant.TestRunsList" name="test_admin_list_runs" time="0.065" /></testsuite></testsuites>