<?xml version="1.0" encoding="utf-8"?><testsuites name="pytest tests"><testsuite name="pytest" errors="0" failures="2" skipped="0" tests="11" time="29.989" timestamp="2026-08-06T01:33:42.042183+00:00" hostname="agent-env-9d995150-1135-4ada-a6b3-bd790eddaba8"><testcase classname="tests.test_research" name="test_projects_require_auth" time="0.306" /><testcase classname="tests.test_research" name="test_create_list_delete_project" time="0.671" /><testcase classname="tests.test_research" name="test_chat_intent" time="2.903" /><testcase classname="tests.test_research" name="test_followup_intent" time="4.098" /><testcase classname="tests.test_research" name="test_plan_and_execute_full_flow" time="13.751" /><testcase classname="tests.test_research" name="test_upload_csv_smiles" time="0.074" /><testcase classname="tests.test_research" name="test_regression_plant_search" time="6.851" /><testcase classname="tests.test_research" name="test_regression_disease_search" time="0.125"><failure message="AssertionError: {&quot;detail&quot;:[{&quot;type&quot;:&quot;missing&quot;,&quot;loc&quot;:[&quot;query&quot;,&quot;q&quot;],&quot;msg&quot;:&quot;Field required&quot;,&quot;input&quot;:null,&quot;url&quot;:&quot;https://errors.pydantic.dev/2.13/v/missing&quot;}]}&#10;assert 422 == 200&#10; +  where 422 = &lt;Response [422]&gt;.status_code">backend/tests/test_research.py:164: in test_regression_disease_search
    assert r.status_code == 200, r.text[:200]
E   AssertionError: {"detail":[{"type":"missing","loc":["query","q"],"msg":"Field required","input":null,"url":"https://errors.pydantic.dev/2.13/v/missing"}]}
E   assert 422 == 200
E    +  where 422 = &lt;Response [422]&gt;.status_code</failure></testcase><testcase classname="tests.test_research" name="test_regression_target_resolve" time="0.795" /><testcase classname="tests.test_research" name="test_regression_admet_predict_endpoint" time="0.140" /><testcase classname="tests.test_research" name="test_regression_contact_and_admin" time="0.182"><failure message="AssertionError: {&quot;detail&quot;:[{&quot;type&quot;:&quot;missing&quot;,&quot;loc&quot;:[&quot;body&quot;,&quot;challenge_id&quot;],&quot;msg&quot;:&quot;Field required&quot;,&quot;input&quot;:{&quot;name&quot;:&quot;TEST_regress&quot;,&quot;email&quot;:&quot;t@t.com&quot;,&quot;subject&quot;:&quot;hi&quot;,&quot;message&quot;:&quot;hello world&quot;},&quot;url&quot;:&quot;https://errors.pydanti&#10;assert 422 in (200, 201)&#10; +  where 422 = &lt;Response [422]&gt;.status_code">backend/tests/test_research.py:184: in test_regression_contact_and_admin
    assert r.status_code in (200, 201), r.text[:200]
E   AssertionError: {"detail":[{"type":"missing","loc":["body","challenge_id"],"msg":"Field required","input":{"name":"TEST_regress","email":"t@t.com","subject":"hi","message":"hello world"},"url":"https://errors.pydanti
E   assert 422 in (200, 201)
E    +  where 422 = &lt;Response [422]&gt;.status_code</failure></testcase></testsuite></testsuites>