<?xml version="1.0" encoding="utf-8"?><testsuites name="pytest tests"><testsuite name="pytest" errors="0" failures="0" skipped="0" tests="3" time="3.926" timestamp="2026-07-13T18:49:44.022542+00:00" hostname="agent-env-9d995150-1135-4ada-a6b3-bd790eddaba8"><testcase classname="tests.test_network" name="test_ppi_network" time="0.614" /><testcase classname="tests.test_network" name="test_kegg_enrich" time="0.440" /><testcase classname="tests.test_network" name="test_go_enrich_all_ontologies" time="2.493" /></testsuite></testsuites>