<?xml version="1.0" encoding="utf-8"?><testsuites name="pytest tests"><testsuite name="pytest" errors="0" failures="0" skipped="0" tests="5" time="5.133" timestamp="2026-07-13T20:02:51.037864+00:00" hostname="agent-env-9d995150-1135-4ada-a6b3-bd790eddaba8"><testcase classname="tests.test_network" name="test_ppi_network" time="0.615" /><testcase classname="tests.test_network" name="test_kegg_enrich" time="0.485" /><testcase classname="tests.test_network" name="test_go_enrich_all_ontologies" time="1.638" /><testcase classname="tests.test_network" name="test_go_enrich_has_fold_enrichment_gene_ratio_rich_factor" time="0.985" /><testcase classname="tests.test_network" name="test_go_enrich_accepts_correction_and_threshold_params" time="1.057" /></testsuite></testsuites>