<?xml version="1.0" encoding="utf-8"?><testsuites name="pytest tests"><testsuite name="pytest" errors="0" failures="0" skipped="0" tests="4" time="13.049" timestamp="2026-07-13T20:31:05.366485+00:00" hostname="agent-env-9d995150-1135-4ada-a6b3-bd790eddaba8"><testcase classname="tests.test_docking_md" name="test_pdb_candidates_returns_scored_list" time="0.702" /><testcase classname="tests.test_docking_md" name="test_docking_run_aspirin_ptgs1" time="11.204" /><testcase classname="tests.test_docking_md" name="test_md_estimate_scales_with_production_ns" time="0.389" /><testcase classname="tests.test_docking_md" name="test_md_build_returns_zip_with_all_files" time="0.407" /></testsuite></testsuites>